This is pdfTeX, Version 3.141592653-2.6-1.40.24 (TeX Live 2022/Debian) (preloaded format=pdflatex 2024.7.25)  25 JUL 2024 10:48
entering extended mode
 restricted \write18 enabled.
 %&-line parsing enabled.
**DiacammaSyndic.tex
(./DiacammaSyndic.tex
LaTeX2e <2022-11-01> patch level 1
L3 programming layer <2023-01-16> (./sphinxmanual.cls
Document Class: sphinxmanual 2019/12/01 v2.3.0 Document class (Sphinx manual)
(/usr/share/texlive/texmf-dist/tex/latex/base/report.cls
Document Class: report 2022/07/02 v1.4n Standard LaTeX document class
(/usr/share/texlive/texmf-dist/tex/latex/base/size10.clo
File: size10.clo 2022/07/02 v1.4n Standard LaTeX file (size option)
)
\c@part=\count185
\c@chapter=\count186
\c@section=\count187
\c@subsection=\count188
\c@subsubsection=\count189
\c@paragraph=\count190
\c@subparagraph=\count191
\c@figure=\count192
\c@table=\count193
\abovecaptionskip=\skip48
\belowcaptionskip=\skip49
\bibindent=\dimen140
)
LaTeX Info: Redefining \and on input line 35.
)
(/usr/share/texlive/texmf-dist/tex/latex/base/inputenc.sty
Package: inputenc 2021/02/14 v1.3d Input encoding file
\inpenc@prehook=\toks16
\inpenc@posthook=\toks17
)
   defining Unicode char U+00A0 (decimal 160)
   defining Unicode char U+2500 (decimal 9472)
   defining Unicode char U+2502 (decimal 9474)
   defining Unicode char U+2514 (decimal 9492)
   defining Unicode char U+251C (decimal 9500)
   defining Unicode char U+2572 (decimal 9586)

(/usr/share/texlive/texmf-dist/tex/latex/cmap/cmap.sty
Package: cmap 2021/02/06 v1.0j CMap support: searchable PDF
)
(/usr/share/texlive/texmf-dist/tex/latex/base/fontenc.sty
Package: fontenc 2021/04/29 v2.0v Standard LaTeX package
<<t1.cmap>>)
(/usr/share/texlive/texmf-dist/tex/latex/amsmath/amsmath.sty
Package: amsmath 2022/04/08 v2.17n AMS math features
\@mathmargin=\skip50

For additional information on amsmath, use the `?' option.
(/usr/share/texlive/texmf-dist/tex/latex/amsmath/amstext.sty
Package: amstext 2021/08/26 v2.01 AMS text

(/usr/share/texlive/texmf-dist/tex/latex/amsmath/amsgen.sty
File: amsgen.sty 1999/11/30 v2.0 generic functions
\@emptytoks=\toks18
\ex@=\dimen141
))
(/usr/share/texlive/texmf-dist/tex/latex/amsmath/amsbsy.sty
Package: amsbsy 1999/11/29 v1.2d Bold Symbols
\pmbraise@=\dimen142
)
(/usr/share/texlive/texmf-dist/tex/latex/amsmath/amsopn.sty
Package: amsopn 2022/04/08 v2.04 operator names
)
\inf@bad=\count194
LaTeX Info: Redefining \frac on input line 234.
\uproot@=\count195
\leftroot@=\count196
LaTeX Info: Redefining \overline on input line 399.
LaTeX Info: Redefining \colon on input line 410.
\classnum@=\count197
\DOTSCASE@=\count198
LaTeX Info: Redefining \ldots on input line 496.
LaTeX Info: Redefining \dots on input line 499.
LaTeX Info: Redefining \cdots on input line 620.
\Mathstrutbox@=\box51
\strutbox@=\box52
LaTeX Info: Redefining \big on input line 722.
LaTeX Info: Redefining \Big on input line 723.
LaTeX Info: Redefining \bigg on input line 724.
LaTeX Info: Redefining \Bigg on input line 725.
\big@size=\dimen143
LaTeX Font Info:    Redeclaring font encoding OML on input line 743.
LaTeX Font Info:    Redeclaring font encoding OMS on input line 744.
\macc@depth=\count199
LaTeX Info: Redefining \bmod on input line 905.
LaTeX Info: Redefining \pmod on input line 910.
LaTeX Info: Redefining \smash on input line 940.
LaTeX Info: Redefining \relbar on input line 970.
LaTeX Info: Redefining \Relbar on input line 971.
\c@MaxMatrixCols=\count266
\dotsspace@=\muskip16
\c@parentequation=\count267
\dspbrk@lvl=\count268
\tag@help=\toks19
\row@=\count269
\column@=\count270
\maxfields@=\count271
\andhelp@=\toks20
\eqnshift@=\dimen144
\alignsep@=\dimen145
\tagshift@=\dimen146
\tagwidth@=\dimen147
\totwidth@=\dimen148
\lineht@=\dimen149
\@envbody=\toks21
\multlinegap=\skip51
\multlinetaggap=\skip52
\mathdisplay@stack=\toks22
LaTeX Info: Redefining \[ on input line 2953.
LaTeX Info: Redefining \] on input line 2954.
)
(/usr/share/texlive/texmf-dist/tex/latex/amsfonts/amssymb.sty
Package: amssymb 2013/01/14 v3.01 AMS font symbols

(/usr/share/texlive/texmf-dist/tex/latex/amsfonts/amsfonts.sty
Package: amsfonts 2013/01/14 v3.01 Basic AMSFonts support
\symAMSa=\mathgroup4
\symAMSb=\mathgroup5
LaTeX Font Info:    Redeclaring math symbol \hbar on input line 98.
LaTeX Font Info:    Overwriting math alphabet `\mathfrak' in version `bold'
(Font)                  U/euf/m/n --> U/euf/b/n on input line 106.
))
(/usr/share/texlive/texmf-dist/tex/generic/babel/babel.sty
Package: babel 2022/12/26 3.84 The Babel package
\babel@savecnt=\count272
\U@D=\dimen150
\l@unhyphenated=\language5

(/usr/share/texlive/texmf-dist/tex/generic/babel/txtbabel.def)
\bbl@readstream=\read2
\bbl@dirlevel=\count273

(/usr/share/texlive/texmf-dist/tex/generic/babel-french/french.ldf
Language: french 2023/01/02 v3.5p French support from the babel system
Package babel Info: Hyphen rules for 'acadian' set to \l@french
(babel)             (\language3). Reported on input line 91.
Package babel Info: Hyphen rules for 'canadien' set to \l@french
(babel)             (\language3). Reported on input line 92.
\FB@nonchar=\count274
Package babel Info: Making : an active character on input line 395.
Package babel Info: Making ; an active character on input line 396.
Package babel Info: Making ! an active character on input line 397.
Package babel Info: Making ? an active character on input line 398.
\FBguill@level=\count275
\FBold@everypar=\toks23
\FB@Mht=\dimen151
\mc@charclass=\count276
\mc@charfam=\count277
\mc@charslot=\count278
\std@mcc=\count279
\dec@mcc=\count280
\listindentFB=\dimen152
\descindentFB=\dimen153
\labelindentFB=\dimen154
\labelwidthFB=\dimen155
\leftmarginFB=\dimen156
\parindentFFN=\dimen157
\FBfnindent=\dimen158
))
(/usr/share/texlive/texmf-dist/tex/generic/babel/locale/fr/babel-french.tex
Package babel Info: Importing font and identification data for french
(babel)             from babel-fr.ini. Reported on input line 11.
)
(/usr/share/texlive/texmf-dist/tex/latex/carlisle/scalefnt.sty)
(/usr/share/texlive/texmf-dist/tex/latex/graphics/keyval.sty
Package: keyval 2022/05/29 v1.15 key=value parser (DPC)
\KV@toks@=\toks24
)
(/usr/share/texmf/tex/latex/tex-gyre/tgtermes.sty
Package: tgtermes 2009/09/27 v1.2 TeX Gyre Termes as default roman family

(/usr/share/texlive/texmf-dist/tex/latex/kvoptions/kvoptions.sty
Package: kvoptions 2022-06-15 v3.15 Key value format for package options (HO)

(/usr/share/texlive/texmf-dist/tex/generic/ltxcmds/ltxcmds.sty
Package: ltxcmds 2020-05-10 v1.25 LaTeX kernel commands for general use (HO)
)
(/usr/share/texlive/texmf-dist/tex/latex/kvsetkeys/kvsetkeys.sty
Package: kvsetkeys 2022-10-05 v1.19 Key value parser (HO)
)))
(/usr/share/texmf/tex/latex/tex-gyre/tgheros.sty
Package: tgheros 2009/09/27 v1.2 TeX Gyre Heros as default sans serif family
)
(/usr/share/texlive/texmf-dist/tex/latex/fncychap/fncychap.sty
Package: fncychap 2007/07/30 v1.34 LaTeX package (Revised chapters)
\RW=\skip53
\mylen=\skip54
\myhi=\skip55
\px=\skip56
\py=\skip57
\pyy=\skip58
\pxx=\skip59
) (./sphinx.sty
Package: sphinx 2024/07/01 v7.4.0 Sphinx LaTeX package (sphinx-doc)

(/usr/share/texlive/texmf-dist/tex/latex/xcolor/xcolor.sty
Package: xcolor 2022/06/12 v2.14 LaTeX color extensions (UK)

(/usr/share/texlive/texmf-dist/tex/latex/graphics-cfg/color.cfg
File: color.cfg 2016/01/02 v1.6 sample color configuration
)
Package xcolor Info: Driver file: pdftex.def on input line 227.

(/usr/share/texlive/texmf-dist/tex/latex/graphics-def/pdftex.def
File: pdftex.def 2022/09/22 v1.2b Graphics/color driver for pdftex
)
(/usr/share/texlive/texmf-dist/tex/latex/graphics/mathcolor.ltx)
Package xcolor Info: Model `cmy' substituted by `cmy0' on input line 1353.
Package xcolor Info: Model `hsb' substituted by `rgb' on input line 1357.
Package xcolor Info: Model `RGB' extended on input line 1369.
Package xcolor Info: Model `HTML' substituted by `rgb' on input line 1371.
Package xcolor Info: Model `Hsb' substituted by `hsb' on input line 1372.
Package xcolor Info: Model `tHsb' substituted by `hsb' on input line 1373.
Package xcolor Info: Model `HSB' substituted by `hsb' on input line 1374.
Package xcolor Info: Model `Gray' substituted by `gray' on input line 1375.
Package xcolor Info: Model `wave' substituted by `hsb' on input line 1376.
)
(./sphinxoptionshyperref.sty
File: sphinxoptionshyperref.sty 2021/01/27 hyperref
) (./sphinxoptionsgeometry.sty
File: sphinxoptionsgeometry.sty 2021/01/27 geometry
)
(/usr/share/texlive/texmf-dist/tex/latex/base/textcomp.sty
Package: textcomp 2020/02/02 v2.0n Standard LaTeX package
)
(/usr/share/texlive/texmf-dist/tex/latex/float/float.sty
Package: float 2001/11/08 v1.3d Float enhancements (AL)
\c@float@type=\count281
\float@exts=\toks25
\float@box=\box53
\@float@everytoks=\toks26
\@floatcapt=\box54
)
(/usr/share/texlive/texmf-dist/tex/latex/wrapfig/wrapfig.sty
\wrapoverhang=\dimen159
\WF@size=\dimen160
\c@WF@wrappedlines=\count282
\WF@box=\box55
\WF@everypar=\toks27
Package: wrapfig 2003/01/31  v 3.6
)
(/usr/share/texlive/texmf-dist/tex/latex/capt-of/capt-of.sty
Package: capt-of 2009/12/29 v0.2 standard captions outside of floats
)
(/usr/share/texlive/texmf-dist/tex/latex/tools/multicol.sty
Package: multicol 2021/11/30 v1.9d multicolumn formatting (FMi)
\c@tracingmulticols=\count283
\mult@box=\box56
\multicol@leftmargin=\dimen161
\c@unbalance=\count284
\c@collectmore=\count285
\doublecol@number=\count286
\multicoltolerance=\count287
\multicolpretolerance=\count288
\full@width=\dimen162
\page@free=\dimen163
\premulticols=\dimen164
\postmulticols=\dimen165
\multicolsep=\skip60
\multicolbaselineskip=\skip61
\partial@page=\box57
\last@line=\box58
\maxbalancingoverflow=\dimen166
\mult@rightbox=\box59
\mult@grightbox=\box60
\mult@firstbox=\box61
\mult@gfirstbox=\box62
\@tempa=\box63
\@tempa=\box64
\@tempa=\box65
\@tempa=\box66
\@tempa=\box67
\@tempa=\box68
\@tempa=\box69
\@tempa=\box70
\@tempa=\box71
\@tempa=\box72
\@tempa=\box73
\@tempa=\box74
\@tempa=\box75
\@tempa=\box76
\@tempa=\box77
\@tempa=\box78
\@tempa=\box79
\@tempa=\box80
\@tempa=\box81
\@tempa=\box82
\@tempa=\box83
\@tempa=\box84
\@tempa=\box85
\@tempa=\box86
\@tempa=\box87
\@tempa=\box88
\@tempa=\box89
\@tempa=\box90
\@tempa=\box91
\@tempa=\box92
\@tempa=\box93
\@tempa=\box94
\@tempa=\box95
\@tempa=\box96
\@tempa=\box97
\@tempa=\box98
\c@minrows=\count289
\c@columnbadness=\count290
\c@finalcolumnbadness=\count291
\last@try=\dimen167
\multicolovershoot=\dimen168
\multicolundershoot=\dimen169
\mult@nat@firstbox=\box99
\colbreak@box=\box100
\mc@col@check@num=\count292
)
(/usr/share/texlive/texmf-dist/tex/latex/graphics/graphicx.sty
Package: graphicx 2021/09/16 v1.2d Enhanced LaTeX Graphics (DPC,SPQR)

(/usr/share/texlive/texmf-dist/tex/latex/graphics/graphics.sty
Package: graphics 2022/03/10 v1.4e Standard LaTeX Graphics (DPC,SPQR)

(/usr/share/texlive/texmf-dist/tex/latex/graphics/trig.sty
Package: trig 2021/08/11 v1.11 sin cos tan (DPC)
)
(/usr/share/texlive/texmf-dist/tex/latex/graphics-cfg/graphics.cfg
File: graphics.cfg 2016/06/04 v1.11 sample graphics configuration
)
Package graphics Info: Driver file: pdftex.def on input line 107.
)
\Gin@req@height=\dimen170
\Gin@req@width=\dimen171
)
(./sphinxlatexgraphics.sty
File: sphinxlatexgraphics.sty 2021/01/27 graphics
\spx@image@maxheight=\dimen172
\spx@image@box=\box101
) (./sphinxpackageboxes.sty
Package: sphinxpackageboxes 2024/07/01 v7.4.0 advanced colored boxes

(/usr/share/texlive/texmf-dist/tex/latex/pict2e/pict2e.sty
Package: pict2e 2020/09/30 v0.4b Improved picture commands (HjG,RN,JT)

(/usr/share/texlive/texmf-dist/tex/latex/pict2e/pict2e.cfg
File: pict2e.cfg 2016/02/05 v0.1u pict2e configuration for teTeX/TeXLive
)
Package pict2e Info: Driver file: pdftex.def on input line 112.
Package pict2e Info: Driver file for pict2e: p2e-pdftex.def on input line 114.

(/usr/share/texlive/texmf-dist/tex/latex/pict2e/p2e-pdftex.def
File: p2e-pdftex.def 2016/02/05 v0.1u Driver-dependant file (RN,HjG,JT)
)
\pIIe@GRAPH=\toks28
\@arclen=\dimen173
\@arcrad=\dimen174
\pIIe@tempdima=\dimen175
\pIIe@tempdimb=\dimen176
\pIIe@tempdimc=\dimen177
\pIIe@tempdimd=\dimen178
\pIIe@tempdime=\dimen179
\pIIe@tempdimf=\dimen180
)
(/usr/share/texlive/texmf-dist/tex/latex/ellipse/ellipse.sty
Package: ellipse 2004/11/05 v1.0 .dtx ellipse file
)
\@tempdimd=\dimen181
\spx@tempboxa=\box102
\spx@tempboxb=\box103
\spx@boxes@border@top=\dimen182
\spx@boxes@border@right=\dimen183
\spx@boxes@border@bottom=\dimen184
\spx@boxes@border@left=\dimen185
\spx@boxes@padding@top=\dimen186
\spx@boxes@padding@right=\dimen187
\spx@boxes@padding@bottom=\dimen188
\spx@boxes@padding@left=\dimen189
\spx@boxes@shadow@xoffset=\dimen190
\spx@boxes@shadow@yoffset=\dimen191
\spx@boxes@radius@topleft@x=\dimen192
\spx@boxes@radius@topright@x=\dimen193
\spx@boxes@radius@bottomright@x=\dimen194
\spx@boxes@radius@bottomleft@x=\dimen195
\spx@boxes@radius@topleft@y=\dimen196
\spx@boxes@radius@topright@y=\dimen197
\spx@boxes@radius@bottomright@y=\dimen198
\spx@boxes@radius@bottomleft@y=\dimen199
)
(./sphinxlatexadmonitions.sty
File: sphinxlatexadmonitions.sty 2024/07/01 v7.4.0 admonitions

(/usr/share/texlive/texmf-dist/tex/latex/framed/framed.sty
Package: framed 2011/10/22 v 0.96: framed or shaded text with page breaks
\OuterFrameSep=\skip62
\fb@frw=\dimen256
\fb@frh=\dimen257
\FrameRule=\dimen258
\FrameSep=\dimen259
)
\spx@notice@border=\dimen260
\c@sphinxtodo=\count293
)
(./sphinxlatexliterals.sty
File: sphinxlatexliterals.sty 2024/07/01 v7.4.0 code-blocks and parsed literals


(/usr/share/texlive/texmf-dist/tex/latex/fancyvrb/fancyvrb.sty
Package: fancyvrb 2023/01/19 4.5a verbatim text (tvz,hv)
\FV@CodeLineNo=\count294
\FV@InFile=\read3
\FV@TabBox=\box104
\c@FancyVerbLine=\count295
\FV@StepNumber=\count296
\FV@OutFile=\write3
)
(/usr/share/texlive/texmf-dist/tex/latex/base/alltt.sty
Package: alltt 2021/01/29 v2.0g defines alltt environment
)
(/usr/share/texlive/texmf-dist/tex/latex/upquote/upquote.sty
Package: upquote 2012/04/19 v1.3 upright-quote and grave-accent glyphs in verba
tim
)
(/usr/share/texlive/texmf-dist/tex/latex/needspace/needspace.sty
Package: needspace 2010/09/12 v1.3d reserve vertical space
)
\sphinxcontinuationbox=\box105
\sphinxvisiblespacebox=\box106
\sphinxVerbatim@TitleBox=\box107
\sphinxVerbatim@ContentsBox=\box108
)
(./sphinxlatexshadowbox.sty
File: sphinxlatexshadowbox.sty 2023/03/19 sphinxShadowBox
) (./sphinxlatexcontainers.sty
File: sphinxlatexcontainers.sty 2021/05/03 containers
)
(./sphinxhighlight.sty
Package: sphinxhighlight 2022/06/30 stylesheet for highlighting with pygments
) (./sphinxlatextables.sty
File: sphinxlatextables.sty 2024/07/01 v7.4.0 tables

(/usr/share/texlive/texmf-dist/tex/latex/tabulary/tabulary.sty
Package: tabulary 2014/06/11 v0.10 tabulary package (DPC)

(/usr/share/texlive/texmf-dist/tex/latex/tools/array.sty
Package: array 2022/09/04 v2.5g Tabular extension package (FMi)
\col@sep=\dimen261
\ar@mcellbox=\box109
\extrarowheight=\dimen262
\NC@list=\toks29
\extratabsurround=\skip63
\backup@length=\skip64
\ar@cellbox=\box110
)
\TY@count=\count297
\TY@linewidth=\dimen263
\tymin=\dimen264
\tymax=\dimen265
\TY@tablewidth=\dimen266
)
(/usr/share/texlive/texmf-dist/tex/latex/tools/longtable.sty
Package: longtable 2021-09-01 v4.17 Multi-page Table package (DPC)
\LTleft=\skip65
\LTright=\skip66
\LTpre=\skip67
\LTpost=\skip68
\LTchunksize=\count298
\LTcapwidth=\dimen267
\LT@head=\box111
\LT@firsthead=\box112
\LT@foot=\box113
\LT@lastfoot=\box114
\LT@gbox=\box115
\LT@cols=\count299
\LT@rows=\count300
\c@LT@tables=\count301
\c@LT@chunks=\count302
\LT@p@ftn=\toks30
)
(/usr/share/texlive/texmf-dist/tex/latex/varwidth/varwidth.sty
Package: varwidth 2009/03/30 ver 0.92;  Variable-width minipages
\@vwid@box=\box116
\sift@deathcycles=\count303
\@vwid@loff=\dimen268
\@vwid@roff=\dimen269
)
\sphinx@TY@tablewidth=\dimen270

(/usr/share/texlive/texmf-dist/tex/latex/colortbl/colortbl.sty
Package: colortbl 2022/06/20 v1.0f Color table columns (DPC)
\everycr=\toks31
\minrowclearance=\skip69
\rownum=\count304
)
(/usr/share/texlive/texmf-dist/tex/latex/booktabs/booktabs.sty
Package: booktabs 2020/01/12 v1.61803398 Publication quality tables
\heavyrulewidth=\dimen271
\lightrulewidth=\dimen272
\cmidrulewidth=\dimen273
\belowrulesep=\dimen274
\belowbottomsep=\dimen275
\aboverulesep=\dimen276
\abovetopsep=\dimen277
\cmidrulesep=\dimen278
\cmidrulekern=\dimen279
\defaultaddspace=\dimen280
\@cmidla=\count305
\@cmidlb=\count306
\@aboverulesep=\dimen281
\@belowrulesep=\dimen282
\@thisruleclass=\count307
\@lastruleclass=\count308
\@thisrulewidth=\dimen283
))
(./sphinxlatexnumfig.sty
File: sphinxlatexnumfig.sty 2021/01/27 numbering
) (./sphinxlatexlists.sty
File: sphinxlatexlists.sty 2021/12/20 lists
\spx@lineitemlabel=\toks32
)
\c@sphinxscope=\count309
 (./sphinxpackagefootnote.sty
Package: sphinxpackagefootnote 2024/05/17 v7.3.x Sphinx custom footnotehyper pa
ckage (Sphinx team)
\FNH@notes=\box117
\FNH@toks=\toks33
\FNH@width=\dimen284
\c@sphinxfootnotemark=\count310
) (./sphinxlatexindbibtoc.sty
File: sphinxlatexindbibtoc.sty 2021/01/27 index, bib., toc

(/usr/share/texlive/texmf-dist/tex/latex/base/makeidx.sty
Package: makeidx 2021/10/04 v1.0m Standard LaTeX package
))
(./sphinxlatexstylepage.sty
File: sphinxlatexstylepage.sty 2021/01/27 page styling

(/usr/share/texlive/texmf-dist/tex/latex/parskip/parskip.sty
Rollback for package 'parskip' requested -> version 'v1'.
         This corresponds to the release introduced on 2001-04-09.

(/usr/share/texlive/texmf-dist/tex/latex/parskip/parskip-2001-04-09.sty
Package: parskip 2001/04/09 non-zero parskip adjustments
))
(/usr/share/texlive/texmf-dist/tex/latex/fancyhdr/fancyhdr.sty
Package: fancyhdr 2022/11/09 v4.1 Extensive control of page headers and footers

\f@nch@headwidth=\skip70
\f@nch@O@elh=\skip71
\f@nch@O@erh=\skip72
\f@nch@O@olh=\skip73
\f@nch@O@orh=\skip74
\f@nch@O@elf=\skip75
\f@nch@O@erf=\skip76
\f@nch@O@olf=\skip77
\f@nch@O@orf=\skip78
))
(./sphinxlatexstyleheadings.sty
File: sphinxlatexstyleheadings.sty 2023/02/11 headings

(/usr/share/texlive/texmf-dist/tex/latex/titlesec/titlesec.sty
Package: titlesec 2021/07/05 v2.14 Sectioning titles
\ttl@box=\box118
\beforetitleunit=\skip79
\aftertitleunit=\skip80
\ttl@plus=\dimen285
\ttl@minus=\dimen286
\ttl@toksa=\toks34
\titlewidth=\dimen287
\titlewidthlast=\dimen288
\titlewidthfirst=\dimen289
))
(./sphinxlatexstyletext.sty
File: sphinxlatexstyletext.sty 2024/07/01 v7.4.0 text styling
) (./sphinxlatexobjects.sty
File: sphinxlatexobjects.sty 2023/07/23 documentation environments
\sphinxsignaturesep=\skip81
\sphinxsignaturelistskip=\skip82
\py@argswidth=\skip83
\lineblockindentation=\skip84
\DUlineblockindent=\skip85
))
(/usr/share/texlive/texmf-dist/tex/latex/geometry/geometry.sty
Package: geometry 2020/01/02 v5.9 Page Geometry

(/usr/share/texlive/texmf-dist/tex/generic/iftex/ifvtex.sty
Package: ifvtex 2019/10/25 v1.7 ifvtex legacy package. Use iftex instead.

(/usr/share/texlive/texmf-dist/tex/generic/iftex/iftex.sty
Package: iftex 2022/02/03 v1.0f TeX engine tests
))
\Gm@cnth=\count311
\Gm@cntv=\count312
\c@Gm@tempcnt=\count313
\Gm@bindingoffset=\dimen290
\Gm@wd@mp=\dimen291
\Gm@odd@mp=\dimen292
\Gm@even@mp=\dimen293
\Gm@layoutwidth=\dimen294
\Gm@layoutheight=\dimen295
\Gm@layouthoffset=\dimen296
\Gm@layoutvoffset=\dimen297
\Gm@dimlist=\toks35
)
(/usr/share/texlive/texmf-dist/tex/latex/hyperref/hyperref.sty
Package: hyperref 2022-11-13 v7.00u Hypertext links for LaTeX

(/usr/share/texlive/texmf-dist/tex/generic/pdftexcmds/pdftexcmds.sty
Package: pdftexcmds 2020-06-27 v0.33 Utility functions of pdfTeX for LuaTeX (HO
)

(/usr/share/texlive/texmf-dist/tex/generic/infwarerr/infwarerr.sty
Package: infwarerr 2019/12/03 v1.5 Providing info/warning/error messages (HO)
)
Package pdftexcmds Info: \pdf@primitive is available.
Package pdftexcmds Info: \pdf@ifprimitive is available.
Package pdftexcmds Info: \pdfdraftmode found.
)
(/usr/share/texlive/texmf-dist/tex/generic/kvdefinekeys/kvdefinekeys.sty
Package: kvdefinekeys 2019-12-19 v1.6 Define keys (HO)
)
(/usr/share/texlive/texmf-dist/tex/generic/pdfescape/pdfescape.sty
Package: pdfescape 2019/12/09 v1.15 Implements pdfTeX's escape features (HO)
)
(/usr/share/texlive/texmf-dist/tex/latex/hycolor/hycolor.sty
Package: hycolor 2020-01-27 v1.10 Color options for hyperref/bookmark (HO)
)
(/usr/share/texlive/texmf-dist/tex/latex/letltxmacro/letltxmacro.sty
Package: letltxmacro 2019/12/03 v1.6 Let assignment for LaTeX macros (HO)
)
(/usr/share/texlive/texmf-dist/tex/latex/auxhook/auxhook.sty
Package: auxhook 2019-12-17 v1.6 Hooks for auxiliary files (HO)
)
(/usr/share/texlive/texmf-dist/tex/latex/hyperref/nameref.sty
Package: nameref 2022-05-17 v2.50 Cross-referencing by name of section

(/usr/share/texlive/texmf-dist/tex/latex/refcount/refcount.sty
Package: refcount 2019/12/15 v3.6 Data extraction from label references (HO)
)
(/usr/share/texlive/texmf-dist/tex/generic/gettitlestring/gettitlestring.sty
Package: gettitlestring 2019/12/15 v1.6 Cleanup title references (HO)
)
\c@section@level=\count314
)
\@linkdim=\dimen298
\Hy@linkcounter=\count315
\Hy@pagecounter=\count316

(/usr/share/texlive/texmf-dist/tex/latex/hyperref/pd1enc.def
File: pd1enc.def 2022-11-13 v7.00u Hyperref: PDFDocEncoding definition (HO)
Now handling font encoding PD1 ...
... no UTF-8 mapping file for font encoding PD1
)
(/usr/share/texlive/texmf-dist/tex/generic/intcalc/intcalc.sty
Package: intcalc 2019/12/15 v1.3 Expandable calculations with integers (HO)
)
(/usr/share/texlive/texmf-dist/tex/generic/etexcmds/etexcmds.sty
Package: etexcmds 2019/12/15 v1.7 Avoid name clashes with e-TeX commands (HO)
)
\Hy@SavedSpaceFactor=\count317

(/usr/share/texlive/texmf-dist/tex/latex/hyperref/puenc.def
File: puenc.def 2022-11-13 v7.00u Hyperref: PDF Unicode definition (HO)
Now handling font encoding PU ...
... no UTF-8 mapping file for font encoding PU
)
Package hyperref Info: Option `unicode' set `true' on input line 4045.
Package hyperref Info: Option `colorlinks' set `true' on input line 4045.
Package hyperref Info: Option `breaklinks' set `true' on input line 4045.
Package hyperref Info: Hyper figures OFF on input line 4162.
Package hyperref Info: Link nesting OFF on input line 4167.
Package hyperref Info: Hyper index ON on input line 4170.
Package hyperref Info: Plain pages OFF on input line 4177.
Package hyperref Info: Backreferencing OFF on input line 4182.
Package hyperref Info: Implicit mode ON; LaTeX internals redefined.
Package hyperref Info: Bookmarks ON on input line 4410.
\c@Hy@tempcnt=\count318

(/usr/share/texlive/texmf-dist/tex/latex/url/url.sty
\Urlmuskip=\muskip17
Package: url 2013/09/16  ver 3.4  Verb mode for urls, etc.
)
LaTeX Info: Redefining \url on input line 4748.
\XeTeXLinkMargin=\dimen299

(/usr/share/texlive/texmf-dist/tex/generic/bitset/bitset.sty
Package: bitset 2019/12/09 v1.3 Handle bit-vector datatype (HO)

(/usr/share/texlive/texmf-dist/tex/generic/bigintcalc/bigintcalc.sty
Package: bigintcalc 2019/12/15 v1.5 Expandable calculations on big integers (HO
)
))
\Fld@menulength=\count319
\Field@Width=\dimen300
\Fld@charsize=\dimen301
Package hyperref Info: Hyper figures OFF on input line 6027.
Package hyperref Info: Link nesting OFF on input line 6032.
Package hyperref Info: Hyper index ON on input line 6035.
Package hyperref Info: backreferencing OFF on input line 6042.
Package hyperref Info: Link coloring ON on input line 6045.
Package hyperref Info: Link coloring with OCG OFF on input line 6052.
Package hyperref Info: PDF/A mode OFF on input line 6057.

(/usr/share/texlive/texmf-dist/tex/latex/base/atbegshi-ltx.sty
Package: atbegshi-ltx 2021/01/10 v1.0c Emulation of the original atbegshi
package with kernel methods
)
\Hy@abspage=\count320
\c@Item=\count321
\c@Hfootnote=\count322
)
Package hyperref Info: Driver (autodetected): hpdftex.

(/usr/share/texlive/texmf-dist/tex/latex/hyperref/hpdftex.def
File: hpdftex.def 2022-11-13 v7.00u Hyperref driver for pdfTeX

(/usr/share/texlive/texmf-dist/tex/latex/base/atveryend-ltx.sty
Package: atveryend-ltx 2020/08/19 v1.0a Emulation of the original atveryend pac
kage
with kernel methods
)
\Fld@listcount=\count323
\c@bookmark@seq@number=\count324

(/usr/share/texlive/texmf-dist/tex/latex/rerunfilecheck/rerunfilecheck.sty
Package: rerunfilecheck 2022-07-10 v1.10 Rerun checks for auxiliary files (HO)

(/usr/share/texlive/texmf-dist/tex/generic/uniquecounter/uniquecounter.sty
Package: uniquecounter 2019/12/15 v1.4 Provide unlimited unique counter (HO)
)
Package uniquecounter Info: New unique counter `rerunfilecheck' on input line 2
85.
)
\Hy@SectionHShift=\skip86
)
(/usr/share/texlive/texmf-dist/tex/latex/oberdiek/hypcap.sty
Package: hypcap 2016/05/16 v1.12 Adjusting the anchors of captions (HO)
)
(./sphinxmessages.sty
Package: sphinxmessages 2019/01/04 v2.0 Localized LaTeX macros (Sphinx team)
)
\@indexfile=\write4
\openout4 = `DiacammaSyndic.idx'.


Writing index file DiacammaSyndic.idx
LaTeX Font Info:    Trying to load font information for T1+qtm on input line 74
.
(/usr/share/texmf/tex/latex/tex-gyre/t1qtm.fd
File: t1qtm.fd 2009/09/25 v1.2 font definition file for T1/qtm
)
(/usr/share/texlive/texmf-dist/tex/latex/l3backend/l3backend-pdftex.def
File: l3backend-pdftex.def 2023-01-16 L3 backend support: PDF output (pdfTeX)
\l__color_backend_stack_int=\count325
\l__pdf_internal_box=\box119
)
(./DiacammaSyndic.aux)
\openout1 = `DiacammaSyndic.aux'.

LaTeX Font Info:    Checking defaults for OML/cmm/m/it on input line 74.
LaTeX Font Info:    ... okay on input line 74.
LaTeX Font Info:    Checking defaults for OMS/cmsy/m/n on input line 74.
LaTeX Font Info:    ... okay on input line 74.
LaTeX Font Info:    Checking defaults for OT1/cmr/m/n on input line 74.
LaTeX Font Info:    ... okay on input line 74.
LaTeX Font Info:    Checking defaults for T1/cmr/m/n on input line 74.
LaTeX Font Info:    ... okay on input line 74.
LaTeX Font Info:    Checking defaults for TS1/cmr/m/n on input line 74.
LaTeX Font Info:    ... okay on input line 74.
LaTeX Font Info:    Checking defaults for OMX/cmex/m/n on input line 74.
LaTeX Font Info:    ... okay on input line 74.
LaTeX Font Info:    Checking defaults for U/cmr/m/n on input line 74.
LaTeX Font Info:    ... okay on input line 74.
LaTeX Font Info:    Checking defaults for PD1/pdf/m/n on input line 74.
LaTeX Font Info:    ... okay on input line 74.
LaTeX Font Info:    Checking defaults for PU/pdf/m/n on input line 74.
LaTeX Font Info:    ... okay on input line 74.
LaTeX Info: Redefining \degres on input line 74.
LaTeX Info: Redefining \up on input line 74.

(/usr/share/texlive/texmf-dist/tex/context/base/mkii/supp-pdf.mkii
[Loading MPS to PDF converter (version 2006.09.02).]
\scratchcounter=\count326
\scratchdimen=\dimen302
\scratchbox=\box120
\nofMPsegments=\count327
\nofMParguments=\count328
\everyMPshowfont=\toks36
\MPscratchCnt=\count329
\MPscratchDim=\dimen303
\MPnumerator=\count330
\makeMPintoPDFobject=\count331
\everyMPtoPDFconversion=\toks37
) (/usr/share/texlive/texmf-dist/tex/latex/epstopdf-pkg/epstopdf-base.sty
Package: epstopdf-base 2020-01-24 v2.11 Base part for package epstopdf
Package epstopdf-base Info: Redefining graphics rule for `.eps' on input line 4
85.

(/usr/share/texlive/texmf-dist/tex/latex/latexconfig/epstopdf-sys.cfg
File: epstopdf-sys.cfg 2010/07/13 v1.3 Configuration of (r)epstopdf for TeX Liv
e
))
\c@literalblock=\count332

*geometry* driver: auto-detecting
*geometry* detected driver: pdftex
*geometry* verbose mode - [ preamble ] result:
* driver: pdftex
* paper: a4paper
* layout: <same size as paper>
* layoutoffset:(h,v)=(0.0pt,0.0pt)
* modes: 
* h-part:(L,W,R)=(72.26999pt, 452.9679pt, 72.26999pt)
* v-part:(T,H,B)=(72.26999pt, 700.50687pt, 72.26999pt)
* \paperwidth=597.50787pt
* \paperheight=845.04684pt
* \textwidth=452.9679pt
* \textheight=700.50687pt
* \oddsidemargin=0.0pt
* \evensidemargin=0.0pt
* \topmargin=-37.0pt
* \headheight=12.0pt
* \headsep=25.0pt
* \topskip=10.0pt
* \footskip=30.0pt
* \marginparwidth=36.135pt
* \marginparsep=11.0pt
* \columnsep=10.0pt
* \skip\footins=9.0pt plus 4.0pt minus 2.0pt
* \hoffset=0.0pt
* \voffset=0.0pt
* \mag=1000
* \@twocolumnfalse
* \@twosidefalse
* \@mparswitchfalse
* \@reversemarginfalse
* (1in=72.27pt=25.4mm, 1cm=28.453pt)

Package hyperref Info: Link coloring ON on input line 74.
(./DiacammaSyndic.out) (./DiacammaSyndic.out)
\@outlinefile=\write5
\openout5 = `DiacammaSyndic.out'.

Package hyperref Info: Option `pageanchor' set `false' on input line 82.
<DiacammaSyndic.jpg, id=527, 1032.42857pt x 860.35715pt>
LaTeX Font Info:    Trying to load font information for T1+txtt on input line 8
2.

(/usr/share/texlive/texmf-dist/tex/latex/txfonts/t1txtt.fd
File: t1txtt.fd 2000/12/15 v3.1
)
File: DiacammaSyndic.jpg Graphic file (type jpg)
<use DiacammaSyndic.jpg>
Package pdftex.def Info: DiacammaSyndic.jpg  used on input line 82.
(pdftex.def)             Requested size: 452.96243pt x 377.46869pt.
LaTeX Font Info:    Trying to load font information for T1+qhv on input line 82
.

(/usr/share/texmf/tex/latex/tex-gyre/t1qhv.fd
File: t1qhv.fd 2009/09/25 v1.2 font definition file for T1/qhv
)<<ot1.cmap>><<oml.cmap>><<oms.cmap>><<omx.cmap>>
LaTeX Font Info:    Trying to load font information for U+msa on input line 82.

 (/usr/share/texlive/texmf-dist/tex/latex/amsfonts/umsa.fd
File: umsa.fd 2013/01/14 v3.01 AMS symbols A
)
LaTeX Font Info:    Trying to load font information for U+msb on input line 82.


(/usr/share/texlive/texmf-dist/tex/latex/amsfonts/umsb.fd
File: umsb.fd 2013/01/14 v3.01 AMS symbols B
) [1

{/var/lib/texmf/fonts/map/pdftex/updmap/pdftex.map} <./DiacammaSyndic.jpg>] (./
DiacammaSyndic.toc [1



] [2])
\tf@toc=\write6
\openout6 = `DiacammaSyndic.toc'.

 [3]
Chapitre 1.
[1


] [2] [3] [4]
Chapitre 2.
LaTeX Font Info:    Trying to load font information for TS1+qtm on input line 3
44.
(/usr/share/texmf/tex/latex/tex-gyre/ts1qtm.fd
File: ts1qtm.fd 2009/09/25 v1.2 font definition file for TS1/qtm
) [5

]
<set_owner.png, id=715, 580.41844pt x 450.9347pt>
File: set_owner.png Graphic file (type png)
<use set_owner.png>
Package pdftex.def Info: set_owner.png  used on input line 434.
(pdftex.def)             Requested size: 402.96896pt x 313.08563pt.
 [6] [7 <./set_owner.png>]
<call_of_funds.png, id=727, 557.08125pt x 402.75468pt>
File: call_of_funds.png Graphic file (type png)
<use call_of_funds.png>
Package pdftex.def Info: call_of_funds.png  used on input line 532.
(pdftex.def)             Requested size: 402.97678pt x 291.33516pt.

[8]
<payoff.png, id=732, 746.79pt x 621.07031pt>
File: payoff.png Graphic file (type png)
<use payoff.png>
Package pdftex.def Info: payoff.png  used on input line 556.
(pdftex.def)             Requested size: 402.96431pt x 335.12657pt.
 [9 <./call_of_funds.png>]
<expense.png, id=739, 394.47375pt x 350.05782pt>
File: expense.png Graphic file (type png)
<use expense.png>
Package pdftex.def Info: expense.png  used on input line 588.
(pdftex.def)             Requested size: 394.47278pt x 350.05695pt.
 [10 <./payoff.png>]
<expenseworkflow.png, id=745, 845.40843pt x 597.73312pt>
File: expenseworkflow.png Graphic file (type png)
<use expenseworkflow.png>
Package pdftex.def Info: expenseworkflow.png  used on input line 596.
(pdftex.def)             Requested size: 402.96635pt x 284.91121pt.
 [11 <./expense.png> <./expenseworkflow.png>] [12] [13]
Chapitre 3.
[14

]
<parameters.png, id=764, 402.75468pt x 292.09125pt>
File: parameters.png Graphic file (type png)
<use parameters.png>
Package pdftex.def Info: parameters.png  used on input line 860.
(pdftex.def)             Requested size: 402.7537pt x 292.09052pt.
 [15]
<fiscalyear_list.png, id=770, 500.62032pt x 468.24937pt>
File: fiscalyear_list.png Graphic file (type png)
<use fiscalyear_list.png>
Package pdftex.def Info: fiscalyear_list.png  used on input line 875.
(pdftex.def)             Requested size: 402.98706pt x 376.92923pt.
 [16 <./parameters.png>]
<fiscalyear_create.png, id=777, 234.1247pt x 129.48375pt>
File: fiscalyear_create.png Graphic file (type png)
<use fiscalyear_create.png>
Package pdftex.def Info: fiscalyear_create.png  used on input line 882.
(pdftex.def)             Requested size: 234.12411pt x 129.48341pt.
 [17 <./fiscalyear_list.png> <./fiscalyear_create.png>]
<account_new.png, id=784, 271.0125pt x 146.04562pt>
File: account_new.png Graphic file (type png)
<use account_new.png>
Package pdftex.def Info: account_new.png  used on input line 957.
(pdftex.def)             Requested size: 271.01183pt x 146.04524pt.
<account_edit.png, id=785, 439.6425pt x 249.18094pt>
File: account_edit.png Graphic file (type png)
<use account_edit.png>
Package pdftex.def Info: account_edit.png  used on input line 970.
(pdftex.def)             Requested size: 402.98003pt x 228.40134pt.
 [18 <./account_new.png>] [19 <./account_edit.png>]
<third_list.png, id=796, 464.4853pt x 303.38344pt>
File: third_list.png Graphic file (type png)
<use third_list.png>
Package pdftex.def Info: third_list.png  used on input line 1108.
(pdftex.def)             Requested size: 452.98122pt x 295.86478pt.
<third_add.png, id=797, 459.96844pt x 304.13625pt>
File: third_add.png Graphic file (type png)
<use third_add.png>
Package pdftex.def Info: third_add.png  used on input line 1117.
(pdftex.def)             Requested size: 452.99088pt x 299.51332pt.
 [20 <./third_list.png>]
<third_edit.png, id=803, 378.66469pt x 341.02406pt>
File: third_edit.png Graphic file (type png)
<use third_edit.png>
Package pdftex.def Info: third_edit.png  used on input line 1122.
(pdftex.def)             Requested size: 378.66376pt x 341.02322pt.
 [21 <./third_add.png> <./third_edit.png>]
<third_state.png, id=811, 441.90094pt x 373.395pt>
File: third_state.png Graphic file (type png)
<use third_state.png>
Package pdftex.def Info: third_state.png  used on input line 1134.
(pdftex.def)             Requested size: 441.89986pt x 373.39409pt.
 [22 <./third_state.png>]
<entity_list.png, id=817, 874.26625pt x 477.785pt>
File: entity_list.png Graphic file (type png)
<use entity_list.png>
Package pdftex.def Info: entity_list.png  used on input line 1181.
(pdftex.def)             Requested size: 402.96777pt x 220.22119pt.

[23 <./entity_list.png>] [24]
<entity_search.png, id=827, 671.50874pt x 308.65312pt>
File: entity_search.png Graphic file (type png)
<use entity_search.png>
Package pdftex.def Info: entity_search.png  used on input line 1341.
(pdftex.def)             Requested size: 402.96983pt x 185.22626pt.
<entity_import.png, id=828, 437.38406pt x 406.51875pt>
File: entity_import.png Graphic file (type png)
<use entity_import.png>
Package pdftex.def Info: entity_import.png  used on input line 1372.
(pdftex.def)             Requested size: 402.97217pt x 374.54144pt.
 [25 <./entity_search.png>] [26 <./entity_import.png>]
<costaccount_list.png, id=839, 527.72156pt x 331.2375pt>
File: costaccount_list.png Graphic file (type png)
<use costaccount_list.png>
Package pdftex.def Info: costaccount_list.png  used on input line 1437.
(pdftex.def)             Requested size: 402.96486pt x 252.93086pt.
<costaccount_assign.png, id=840, 232.61906pt x 105.39375pt>
File: costaccount_assign.png Graphic file (type png)
<use costaccount_assign.png>
Package pdftex.def Info: costaccount_assign.png  used on input line 1455.
(pdftex.def)             Requested size: 232.61848pt x 105.39348pt.
 [27 <./costaccount_list.png> <./costaccount_assign.png>]
<model_list.png, id=848, 402.75468pt x 215.30438pt>
File: model_list.png Graphic file (type png)
<use model_list.png>
Package pdftex.def Info: model_list.png  used on input line 1497.
(pdftex.def)             Requested size: 402.7537pt x 215.30385pt.
<model_item.png, id=849, 383.93437pt x 260.47313pt>
File: model_item.png Graphic file (type png)
<use model_item.png>
Package pdftex.def Info: model_item.png  used on input line 1504.
(pdftex.def)             Requested size: 383.93343pt x 260.47249pt.
 [28 <./model_list.png>]
<model_add.png, id=855, 298.86656pt x 114.4275pt>
File: model_add.png Graphic file (type png)
<use model_add.png>
Package pdftex.def Info: model_add.png  used on input line 1520.
(pdftex.def)             Requested size: 298.86581pt x 114.42722pt.
 [29 <./model_item.png> <./model_add.png>] [30] [31]
Chapitre 4.
<payoff1.png, id=870, 240.9pt x 231.86626pt>
File: payoff1.png Graphic file (type png)
<use payoff1.png>
Package pdftex.def Info: payoff1.png  used on input line 1732.
(pdftex.def)             Requested size: 240.8994pt x 231.86568pt.
[32

 <./payoff1.png>]
<multi-payoff.png, id=876, 277.035pt x 249.18094pt>
File: multi-payoff.png Graphic file (type png)
<use multi-payoff.png>
Package pdftex.def Info: multi-payoff.png  used on input line 1793.
(pdftex.def)             Requested size: 277.03432pt x 249.18031pt.
<depositlist.png, id=877, 490.83376pt x 235.63031pt>
File: depositlist.png Graphic file (type png)
<use depositlist.png>
Package pdftex.def Info: depositlist.png  used on input line 1816.
(pdftex.def)             Requested size: 402.98059pt x 193.4518pt.
 [33 <./multi-payoff.png>]
<deposititem.png, id=884, 412.54124pt x 350.81062pt>
File: deposititem.png Graphic file (type png)
<use deposititem.png>
Package pdftex.def Info: deposititem.png  used on input line 1834.
(pdftex.def)             Requested size: 402.97203pt x 342.6947pt.
 [34 <./depositlist.png>]
[35 <./deposititem.png>] [36]
Chapitre 5.
<ListIndividual.png, id=906, 484.05844pt x 353.06906pt>
File: ListIndividual.png Graphic file (type png)
<use ListIndividual.png>
Package pdftex.def Info: ListIndividual.png  used on input line 1995.
(pdftex.def)             Requested size: 452.9912pt x 330.39264pt.
[37

]
<ShowIndividual.png, id=911, 596.2275pt x 524.96124pt>
File: ShowIndividual.png Graphic file (type png)
<use ShowIndividual.png>
Package pdftex.def Info: ShowIndividual.png  used on input line 2003.
(pdftex.def)             Requested size: 452.96475pt x 398.83852pt.
 [38 <./ListIndividual.png>]
<PermissionsIndividual.png, id=917, 428.35031pt x 465.23813pt>
File: PermissionsIndividual.png Graphic file (type png)
<use PermissionsIndividual.png>
Package pdftex.def Info: PermissionsIndividual.png  used on input line 2012.
(pdftex.def)             Requested size: 428.34926pt x 465.23698pt.
 [39 <./ShowIndividual.png>]
<EditIndividual.png, id=924, 453.19313pt x 385.44pt>
File: EditIndividual.png Graphic file (type png)
<use EditIndividual.png>
Package pdftex.def Info: EditIndividual.png  used on input line 2020.
(pdftex.def)             Requested size: 452.97072pt x 385.24496pt.
 [40 <./PermissionsIndividual.png>]
<FindIndividual.png, id=930, 504.38437pt x 396.7322pt>
File: FindIndividual.png Graphic file (type png)
<use FindIndividual.png>
Package pdftex.def Info: FindIndividual.png  used on input line 2034.
(pdftex.def)             Requested size: 452.972pt x 356.29897pt.
 [41 <./EditIndividual.png>]
<ListLegalEntity.png, id=936, 499.8675pt x 325.96782pt>
File: ListLegalEntity.png Graphic file (type png)
<use ListLegalEntity.png>
Package pdftex.def Info: ListLegalEntity.png  used on input line 2060.
(pdftex.def)             Requested size: 452.98093pt x 295.4076pt.
 [42 <./FindIndividual.png>]
<ShowLegalEntity.png, id=942, 389.20406pt x 310.91156pt>
File: ShowLegalEntity.png Graphic file (type png)
<use ShowLegalEntity.png>
Package pdftex.def Info: ShowLegalEntity.png  used on input line 2074.
(pdftex.def)             Requested size: 389.20311pt x 310.91078pt.

[43 <./ListLegalEntity.png>]
<EditLegalEntity.png, id=948, 462.97969pt x 370.38374pt>
File: EditLegalEntity.png Graphic file (type png)
<use EditLegalEntity.png>
Package pdftex.def Info: EditLegalEntity.png  used on input line 2085.
(pdftex.def)             Requested size: 452.97522pt x 362.38016pt.
 [44 <./ShowLegalEntity.png>]
<ResponsabilityLegalEntity.png, id=954, 394.47375pt x 224.33812pt>
File: ResponsabilityLegalEntity.png Graphic file (type png)
<use ResponsabilityLegalEntity.png>
Package pdftex.def Info: ResponsabilityLegalEntity.png  used on input line 2095
.
(pdftex.def)             Requested size: 394.47278pt x 224.33757pt.
 [45 <./EditLegalEntity.png> <./ResponsabilityLegalEntity.png>]
<FindLegalEntity.png, id=962, 529.22719pt x 358.33875pt>
File: FindLegalEntity.png Graphic file (type png)
<use FindLegalEntity.png>
Package pdftex.def Info: FindLegalEntity.png  used on input line 2103.
(pdftex.def)             Requested size: 452.97038pt x 306.72182pt.
 [46 <./FindLegalEntity.png>] [47]
Chapitre 6.
<mailing.png, id=972, 453.94594pt x 304.88907pt>
File: mailing.png Graphic file (type png)
<use mailing.png>
Package pdftex.def Info: mailing.png  used on input line 2272.
(pdftex.def)             Requested size: 452.97508pt x 304.24165pt.
[48

]
<transmission.png, id=977, 625.58719pt x 391.4625pt>
File: transmission.png Graphic file (type png)
<use transmission.png>
Package pdftex.def Info: transmission.png  used on input line 2297.
(pdftex.def)             Requested size: 452.98068pt x 283.45958pt.
 [49 <./mailing.png>] [50 <./transmission.png>] [51]
Chapitre 7.
<listdoc.png, id=996, 766.36313pt x 503.63156pt>
File: listdoc.png Graphic file (type png)
<use listdoc.png>
Package pdftex.def Info: listdoc.png  used on input line 2467.
(pdftex.def)             Requested size: 452.9689pt x 297.67798pt.
[52

]
<showdoc.png, id=1001, 434.37282pt x 222.07968pt>
File: showdoc.png Graphic file (type png)
<use showdoc.png>
Package pdftex.def Info: showdoc.png  used on input line 2483.
(pdftex.def)             Requested size: 434.37175pt x 222.07913pt.
 [53 <./listdoc.png> <./showdoc.png>]
Underfull \hbox (badness 10000) in paragraph at lines 2547--2549
[]\T1/qtm/m/n/10 Le tu-to-riel de fra-ma-soft ex-plique bien com-ment l'ins-tal
-ler : [][]$https : / / framacloud . org / fr /
 []

LaTeX Font Info:    Font shape `T1/txtt/m/it' in size <10> not available
(Font)              Font shape `T1/txtt/m/sl' tried instead on input line 2573.

LaTeX Font Info:    Trying to load font information for TS1+txtt on input line 
2574.
(/usr/share/texlive/texmf-dist/tex/latex/txfonts/ts1txtt.fd
File: ts1txtt.fd 2000/12/15 v3.1
)
<etherpad.png, id=1010, 733.23938pt x 373.395pt>
File: etherpad.png Graphic file (type png)
<use etherpad.png>
Package pdftex.def Info: etherpad.png  used on input line 2595.
(pdftex.def)             Requested size: 452.97023pt x 230.67067pt.
 [54]
<ethercalc.png, id=1023, 727.21687pt x 377.15906pt>
File: ethercalc.png Graphic file (type png)
<use ethercalc.png>
Package pdftex.def Info: ethercalc.png  used on input line 2659.
(pdftex.def)             Requested size: 452.97812pt x 234.92389pt.
 [55 <./etherpad.png>]
<onlyoffice.png, id=1031, 908.64468pt x 471.26062pt>
File: onlyoffice.png Graphic file (type png)
<use onlyoffice.png>
Package pdftex.def Info: onlyoffice.png  used on input line 2726.
(pdftex.def)             Requested size: 452.97635pt x 234.93222pt.
 [56 <./ethercalc.png>]
<configuration.png, id=1038, 531.48563pt x 252.19218pt>
File: configuration.png Graphic file (type png)
<use configuration.png>
Package pdftex.def Info: configuration.png  used on input line 2744.
(pdftex.def)             Requested size: 452.97328pt x 214.93773pt.
 [57 <./onlyoffice.png> <./configuration.png>]
Chapitre 8.
<password.png, id=1046, 289.08pt x 168.63pt>
File: password.png Graphic file (type png)
<use password.png>
Package pdftex.def Info: password.png  used on input line 2778.
(pdftex.def)             Requested size: 289.07928pt x 168.62958pt.
[58

 <./password.png>]
<group.png, id=1052, 440.39531pt x 323.70938pt>
File: group.png Graphic file (type png)
<use group.png>
Package pdftex.def Info: group.png  used on input line 2796.
(pdftex.def)             Requested size: 440.39423pt x 323.70859pt.
<group_modify.png, id=1053, 666.99188pt x 237.13594pt>
File: group_modify.png Graphic file (type png)
<use group_modify.png>
Package pdftex.def Info: group_modify.png  used on input line 2801.
(pdftex.def)             Requested size: 452.97855pt x 161.04765pt.
 [59 <./group.png> <./group_modify.png>]
<users.png, id=1060, 592.46344pt x 464.4853pt>
File: users.png Graphic file (type png)
<use users.png>
Package pdftex.def Info: users.png  used on input line 2816.
(pdftex.def)             Requested size: 452.97992pt x 355.13165pt.
<user_info.png, id=1061, 414.04688pt x 435.87843pt>
File: user_info.png Graphic file (type png)
<use user_info.png>
Package pdftex.def Info: user_info.png  used on input line 2821.
(pdftex.def)             Requested size: 414.04585pt x 435.87737pt.
 [60 <./users.png>]
<user_permissions.png, id=1067, 418.56375pt x 443.40656pt>
File: user_permissions.png Graphic file (type png)
<use user_permissions.png>
Package pdftex.def Info: user_permissions.png  used on input line 2826.
(pdftex.def)             Requested size: 418.56271pt x 443.40547pt.
 [61 <./user_info.png>] (./DiacammaSyndic.ind) [62 <./user_permissions.png>]
(./DiacammaSyndic.aux)
Package rerunfilecheck Info: File `DiacammaSyndic.out' has not changed.
(rerunfilecheck)             Checksum: BE2D6FEE5213EF97872B084637DBA4BF;23011.
 ) 
Here is how much of TeX's memory you used:
 17853 strings out of 478022
 305159 string characters out of 5839674
 1874330 words of memory out of 5000000
 37339 multiletter control sequences out of 15000+600000
 566934 words of font info for 75 fonts, out of 8000000 for 9000
 15 hyphenation exceptions out of 8191
 72i,12n,76p,635b,765s stack positions out of 10000i,1000n,20000p,200000b,200000s
{/usr/share/texmf/fonts/enc/dvips/tex-gyre/q-ts1.enc}{/usr/share/texmf/fonts/
enc/dvips/tex-gyre/q-ec.enc}</usr/share/texlive/texmf-dist/fonts/type1/public/a
msfonts/cm/cmmi5.pfb></usr/share/texlive/texmf-dist/fonts/type1/public/amsfonts
/cm/cmsy10.pfb></usr/share/texlive/texmf-dist/fonts/type1/public/amsfonts/cm/cm
sy5.pfb></usr/share/texmf/fonts/type1/public/tex-gyre/qhvb.pfb></usr/share/texm
f/fonts/type1/public/tex-gyre/qhvbi.pfb></usr/share/texmf/fonts/type1/public/te
x-gyre/qhvr.pfb></usr/share/texmf/fonts/type1/public/tex-gyre/qtmb.pfb></usr/sh
are/texmf/fonts/type1/public/tex-gyre/qtmr.pfb></usr/share/texmf/fonts/type1/pu
blic/tex-gyre/qtmri.pfb></usr/share/texlive/texmf-dist/fonts/type1/public/txfon
ts/t1xtt.pfb></usr/share/texlive/texmf-dist/fonts/type1/public/txfonts/t1xtt.pf
b></usr/share/texlive/texmf-dist/fonts/type1/public/txfonts/tcxtt.pfb>
Output written on DiacammaSyndic.pdf (66 pages, 2021673 bytes).
PDF statistics:
 1170 PDF objects out of 1200 (max. 8388607)
 971 compressed objects within 10 object streams
 198 named destinations out of 1000 (max. 500000)
 1316 words of extra memory for PDF output out of 10000 (max. 10000000)

