Created by PLY version 3.11 (http://www.dabeaz.com/ply)

Grammar

Rule 0     S' -> match_part
Rule 1     match_part -> LEFT_BRACKET expression RIGHT_BRACKET
Rule 2     match_part -> LEFT_BRACKET expressions RIGHT_BRACKET
Rule 3     expressions -> expression
Rule 4     expressions -> expressions expression
Rule 5     expression -> function
Rule 6     expression -> assignment_or_equality
Rule 7     expression -> header
Rule 8     function -> NAME OPEN_PAREN CLOSE_PAREN
Rule 9     function -> NAME OPEN_PAREN equality CLOSE_PAREN
Rule 10    function -> NAME OPEN_PAREN function CLOSE_PAREN
Rule 11    function -> NAME OPEN_PAREN var_or_header CLOSE_PAREN
Rule 12    function -> NAME OPEN_PAREN term CLOSE_PAREN
Rule 13    assignment_or_equality -> equality
Rule 14    assignment_or_equality -> assignment
Rule 15    equality -> function op term
Rule 16    equality -> function op function
Rule 17    equality -> function op var_or_header
Rule 18    equality -> var_or_header op function
Rule 19    equality -> var_or_header op term
Rule 20    equality -> var_or_header op var_or_header
Rule 21    equality -> term op var_or_header
Rule 22    equality -> term op term
Rule 23    equality -> term op function
Rule 24    equality -> equality op equality
Rule 25    equality -> equality op term
Rule 26    equality -> equality op function
Rule 27    op -> EQUALS
Rule 28    op -> OPERATION
Rule 29    assignment -> var ASSIGNMENT var
Rule 30    assignment -> var ASSIGNMENT term
Rule 31    assignment -> var ASSIGNMENT function
Rule 32    assignment -> var ASSIGNMENT header
Rule 33    term -> QUOTED_NAME
Rule 34    term -> QUOTE DATE QUOTE
Rule 35    term -> QUOTE NUMBER QUOTE
Rule 36    term -> NUMBER
Rule 37    term -> REGEX
Rule 38    var_or_header -> header
Rule 39    var_or_header -> var
Rule 40    var -> VAR_SYM NAME
Rule 41    var -> VAR_SYM NAME_LINE
Rule 42    header -> HEADER_SYM NAME
Rule 43    header -> HEADER_SYM NUMBER
Rule 44    header -> HEADER_SYM NAME_LINE

Terminals, with rules where they appear

ASSIGNMENT           : 29 30 31 32
CLOSE_PAREN          : 8 9 10 11 12
DATE                 : 34
EQUALS               : 27
HEADER_SYM           : 42 43 44
LEFT_BRACKET         : 1 2
NAME                 : 8 9 10 11 12 40 42
NAME_LINE            : 41 44
NUMBER               : 35 36 43
OPEN_PAREN           : 8 9 10 11 12
OPERATION            : 28
QUOTE                : 34 34 35 35
QUOTED_NAME          : 33
REGEX                : 37
RIGHT_BRACKET        : 1 2
VAR_SYM              : 40 41
error                : 

Nonterminals, with rules where they appear

assignment           : 14
assignment_or_equality : 6
equality             : 9 13 24 24 25 26
expression           : 1 3 4
expressions          : 2 4
function             : 5 10 15 16 16 17 18 23 26 31
header               : 7 32 38
match_part           : 0
op                   : 15 16 17 18 19 20 21 22 23 24 25 26
term                 : 12 15 19 21 22 22 23 25 30
var                  : 29 29 30 31 32 39
var_or_header        : 11 17 18 19 20 20 21

Parsing method: LALR

state 0

    (0) S' -> . match_part
    (1) match_part -> . LEFT_BRACKET expression RIGHT_BRACKET
    (2) match_part -> . LEFT_BRACKET expressions RIGHT_BRACKET

    LEFT_BRACKET    shift and go to state 2

    match_part                     shift and go to state 1

state 1

    (0) S' -> match_part .



state 2

    (1) match_part -> LEFT_BRACKET . expression RIGHT_BRACKET
    (2) match_part -> LEFT_BRACKET . expressions RIGHT_BRACKET
    (5) expression -> . function
    (6) expression -> . assignment_or_equality
    (7) expression -> . header
    (3) expressions -> . expression
    (4) expressions -> . expressions expression
    (8) function -> . NAME OPEN_PAREN CLOSE_PAREN
    (9) function -> . NAME OPEN_PAREN equality CLOSE_PAREN
    (10) function -> . NAME OPEN_PAREN function CLOSE_PAREN
    (11) function -> . NAME OPEN_PAREN var_or_header CLOSE_PAREN
    (12) function -> . NAME OPEN_PAREN term CLOSE_PAREN
    (13) assignment_or_equality -> . equality
    (14) assignment_or_equality -> . assignment
    (42) header -> . HEADER_SYM NAME
    (43) header -> . HEADER_SYM NUMBER
    (44) header -> . HEADER_SYM NAME_LINE
    (15) equality -> . function op term
    (16) equality -> . function op function
    (17) equality -> . function op var_or_header
    (18) equality -> . var_or_header op function
    (19) equality -> . var_or_header op term
    (20) equality -> . var_or_header op var_or_header
    (21) equality -> . term op var_or_header
    (22) equality -> . term op term
    (23) equality -> . term op function
    (24) equality -> . equality op equality
    (25) equality -> . equality op term
    (26) equality -> . equality op function
    (29) assignment -> . var ASSIGNMENT var
    (30) assignment -> . var ASSIGNMENT term
    (31) assignment -> . var ASSIGNMENT function
    (32) assignment -> . var ASSIGNMENT header
    (38) var_or_header -> . header
    (39) var_or_header -> . var
    (33) term -> . QUOTED_NAME
    (34) term -> . QUOTE DATE QUOTE
    (35) term -> . QUOTE NUMBER QUOTE
    (36) term -> . NUMBER
    (37) term -> . REGEX
    (40) var -> . VAR_SYM NAME
    (41) var -> . VAR_SYM NAME_LINE

    NAME            shift and go to state 8
    HEADER_SYM      shift and go to state 13
    QUOTED_NAME     shift and go to state 16
    QUOTE           shift and go to state 17
    NUMBER          shift and go to state 14
    REGEX           shift and go to state 18
    VAR_SYM         shift and go to state 19

    expression                     shift and go to state 3
    expressions                    shift and go to state 4
    function                       shift and go to state 5
    assignment_or_equality         shift and go to state 6
    header                         shift and go to state 7
    equality                       shift and go to state 9
    var_or_header                  shift and go to state 10
    term                           shift and go to state 11
    assignment                     shift and go to state 12
    var                            shift and go to state 15

state 3

    (1) match_part -> LEFT_BRACKET expression . RIGHT_BRACKET
    (3) expressions -> expression .

  ! shift/reduce conflict for RIGHT_BRACKET resolved as shift
    RIGHT_BRACKET   shift and go to state 20
    NAME            reduce using rule 3 (expressions -> expression .)
    HEADER_SYM      reduce using rule 3 (expressions -> expression .)
    QUOTED_NAME     reduce using rule 3 (expressions -> expression .)
    QUOTE           reduce using rule 3 (expressions -> expression .)
    NUMBER          reduce using rule 3 (expressions -> expression .)
    REGEX           reduce using rule 3 (expressions -> expression .)
    VAR_SYM         reduce using rule 3 (expressions -> expression .)

  ! RIGHT_BRACKET   [ reduce using rule 3 (expressions -> expression .) ]


state 4

    (2) match_part -> LEFT_BRACKET expressions . RIGHT_BRACKET
    (4) expressions -> expressions . expression
    (5) expression -> . function
    (6) expression -> . assignment_or_equality
    (7) expression -> . header
    (8) function -> . NAME OPEN_PAREN CLOSE_PAREN
    (9) function -> . NAME OPEN_PAREN equality CLOSE_PAREN
    (10) function -> . NAME OPEN_PAREN function CLOSE_PAREN
    (11) function -> . NAME OPEN_PAREN var_or_header CLOSE_PAREN
    (12) function -> . NAME OPEN_PAREN term CLOSE_PAREN
    (13) assignment_or_equality -> . equality
    (14) assignment_or_equality -> . assignment
    (42) header -> . HEADER_SYM NAME
    (43) header -> . HEADER_SYM NUMBER
    (44) header -> . HEADER_SYM NAME_LINE
    (15) equality -> . function op term
    (16) equality -> . function op function
    (17) equality -> . function op var_or_header
    (18) equality -> . var_or_header op function
    (19) equality -> . var_or_header op term
    (20) equality -> . var_or_header op var_or_header
    (21) equality -> . term op var_or_header
    (22) equality -> . term op term
    (23) equality -> . term op function
    (24) equality -> . equality op equality
    (25) equality -> . equality op term
    (26) equality -> . equality op function
    (29) assignment -> . var ASSIGNMENT var
    (30) assignment -> . var ASSIGNMENT term
    (31) assignment -> . var ASSIGNMENT function
    (32) assignment -> . var ASSIGNMENT header
    (38) var_or_header -> . header
    (39) var_or_header -> . var
    (33) term -> . QUOTED_NAME
    (34) term -> . QUOTE DATE QUOTE
    (35) term -> . QUOTE NUMBER QUOTE
    (36) term -> . NUMBER
    (37) term -> . REGEX
    (40) var -> . VAR_SYM NAME
    (41) var -> . VAR_SYM NAME_LINE

    RIGHT_BRACKET   shift and go to state 21
    NAME            shift and go to state 8
    HEADER_SYM      shift and go to state 13
    QUOTED_NAME     shift and go to state 16
    QUOTE           shift and go to state 17
    NUMBER          shift and go to state 14
    REGEX           shift and go to state 18
    VAR_SYM         shift and go to state 19

    expression                     shift and go to state 22
    function                       shift and go to state 5
    assignment_or_equality         shift and go to state 6
    header                         shift and go to state 7
    equality                       shift and go to state 9
    var_or_header                  shift and go to state 10
    term                           shift and go to state 11
    assignment                     shift and go to state 12
    var                            shift and go to state 15

state 5

    (5) expression -> function .
    (15) equality -> function . op term
    (16) equality -> function . op function
    (17) equality -> function . op var_or_header
    (27) op -> . EQUALS
    (28) op -> . OPERATION

    RIGHT_BRACKET   reduce using rule 5 (expression -> function .)
    NAME            reduce using rule 5 (expression -> function .)
    HEADER_SYM      reduce using rule 5 (expression -> function .)
    QUOTED_NAME     reduce using rule 5 (expression -> function .)
    QUOTE           reduce using rule 5 (expression -> function .)
    NUMBER          reduce using rule 5 (expression -> function .)
    REGEX           reduce using rule 5 (expression -> function .)
    VAR_SYM         reduce using rule 5 (expression -> function .)
    EQUALS          shift and go to state 24
    OPERATION       shift and go to state 25

    op                             shift and go to state 23

state 6

    (6) expression -> assignment_or_equality .

    RIGHT_BRACKET   reduce using rule 6 (expression -> assignment_or_equality .)
    NAME            reduce using rule 6 (expression -> assignment_or_equality .)
    HEADER_SYM      reduce using rule 6 (expression -> assignment_or_equality .)
    QUOTED_NAME     reduce using rule 6 (expression -> assignment_or_equality .)
    QUOTE           reduce using rule 6 (expression -> assignment_or_equality .)
    NUMBER          reduce using rule 6 (expression -> assignment_or_equality .)
    REGEX           reduce using rule 6 (expression -> assignment_or_equality .)
    VAR_SYM         reduce using rule 6 (expression -> assignment_or_equality .)


state 7

    (7) expression -> header .
    (38) var_or_header -> header .

    RIGHT_BRACKET   reduce using rule 7 (expression -> header .)
    NAME            reduce using rule 7 (expression -> header .)
    HEADER_SYM      reduce using rule 7 (expression -> header .)
    QUOTED_NAME     reduce using rule 7 (expression -> header .)
    QUOTE           reduce using rule 7 (expression -> header .)
    NUMBER          reduce using rule 7 (expression -> header .)
    REGEX           reduce using rule 7 (expression -> header .)
    VAR_SYM         reduce using rule 7 (expression -> header .)
    EQUALS          reduce using rule 38 (var_or_header -> header .)
    OPERATION       reduce using rule 38 (var_or_header -> header .)


state 8

    (8) function -> NAME . OPEN_PAREN CLOSE_PAREN
    (9) function -> NAME . OPEN_PAREN equality CLOSE_PAREN
    (10) function -> NAME . OPEN_PAREN function CLOSE_PAREN
    (11) function -> NAME . OPEN_PAREN var_or_header CLOSE_PAREN
    (12) function -> NAME . OPEN_PAREN term CLOSE_PAREN

    OPEN_PAREN      shift and go to state 26


state 9

    (13) assignment_or_equality -> equality .
    (24) equality -> equality . op equality
    (25) equality -> equality . op term
    (26) equality -> equality . op function
    (27) op -> . EQUALS
    (28) op -> . OPERATION

    RIGHT_BRACKET   reduce using rule 13 (assignment_or_equality -> equality .)
    NAME            reduce using rule 13 (assignment_or_equality -> equality .)
    HEADER_SYM      reduce using rule 13 (assignment_or_equality -> equality .)
    QUOTED_NAME     reduce using rule 13 (assignment_or_equality -> equality .)
    QUOTE           reduce using rule 13 (assignment_or_equality -> equality .)
    NUMBER          reduce using rule 13 (assignment_or_equality -> equality .)
    REGEX           reduce using rule 13 (assignment_or_equality -> equality .)
    VAR_SYM         reduce using rule 13 (assignment_or_equality -> equality .)
    EQUALS          shift and go to state 24
    OPERATION       shift and go to state 25

    op                             shift and go to state 27

state 10

    (18) equality -> var_or_header . op function
    (19) equality -> var_or_header . op term
    (20) equality -> var_or_header . op var_or_header
    (27) op -> . EQUALS
    (28) op -> . OPERATION

    EQUALS          shift and go to state 24
    OPERATION       shift and go to state 25

    op                             shift and go to state 28

state 11

    (21) equality -> term . op var_or_header
    (22) equality -> term . op term
    (23) equality -> term . op function
    (27) op -> . EQUALS
    (28) op -> . OPERATION

    EQUALS          shift and go to state 24
    OPERATION       shift and go to state 25

    op                             shift and go to state 29

state 12

    (14) assignment_or_equality -> assignment .

    RIGHT_BRACKET   reduce using rule 14 (assignment_or_equality -> assignment .)
    NAME            reduce using rule 14 (assignment_or_equality -> assignment .)
    HEADER_SYM      reduce using rule 14 (assignment_or_equality -> assignment .)
    QUOTED_NAME     reduce using rule 14 (assignment_or_equality -> assignment .)
    QUOTE           reduce using rule 14 (assignment_or_equality -> assignment .)
    NUMBER          reduce using rule 14 (assignment_or_equality -> assignment .)
    REGEX           reduce using rule 14 (assignment_or_equality -> assignment .)
    VAR_SYM         reduce using rule 14 (assignment_or_equality -> assignment .)


state 13

    (42) header -> HEADER_SYM . NAME
    (43) header -> HEADER_SYM . NUMBER
    (44) header -> HEADER_SYM . NAME_LINE

    NAME            shift and go to state 30
    NUMBER          shift and go to state 31
    NAME_LINE       shift and go to state 32


state 14

    (36) term -> NUMBER .

    EQUALS          reduce using rule 36 (term -> NUMBER .)
    OPERATION       reduce using rule 36 (term -> NUMBER .)
    RIGHT_BRACKET   reduce using rule 36 (term -> NUMBER .)
    NAME            reduce using rule 36 (term -> NUMBER .)
    HEADER_SYM      reduce using rule 36 (term -> NUMBER .)
    QUOTED_NAME     reduce using rule 36 (term -> NUMBER .)
    QUOTE           reduce using rule 36 (term -> NUMBER .)
    NUMBER          reduce using rule 36 (term -> NUMBER .)
    REGEX           reduce using rule 36 (term -> NUMBER .)
    VAR_SYM         reduce using rule 36 (term -> NUMBER .)
    CLOSE_PAREN     reduce using rule 36 (term -> NUMBER .)


state 15

    (29) assignment -> var . ASSIGNMENT var
    (30) assignment -> var . ASSIGNMENT term
    (31) assignment -> var . ASSIGNMENT function
    (32) assignment -> var . ASSIGNMENT header
    (39) var_or_header -> var .

    ASSIGNMENT      shift and go to state 33
    EQUALS          reduce using rule 39 (var_or_header -> var .)
    OPERATION       reduce using rule 39 (var_or_header -> var .)


state 16

    (33) term -> QUOTED_NAME .

    EQUALS          reduce using rule 33 (term -> QUOTED_NAME .)
    OPERATION       reduce using rule 33 (term -> QUOTED_NAME .)
    RIGHT_BRACKET   reduce using rule 33 (term -> QUOTED_NAME .)
    NAME            reduce using rule 33 (term -> QUOTED_NAME .)
    HEADER_SYM      reduce using rule 33 (term -> QUOTED_NAME .)
    QUOTED_NAME     reduce using rule 33 (term -> QUOTED_NAME .)
    QUOTE           reduce using rule 33 (term -> QUOTED_NAME .)
    NUMBER          reduce using rule 33 (term -> QUOTED_NAME .)
    REGEX           reduce using rule 33 (term -> QUOTED_NAME .)
    VAR_SYM         reduce using rule 33 (term -> QUOTED_NAME .)
    CLOSE_PAREN     reduce using rule 33 (term -> QUOTED_NAME .)


state 17

    (34) term -> QUOTE . DATE QUOTE
    (35) term -> QUOTE . NUMBER QUOTE

    DATE            shift and go to state 34
    NUMBER          shift and go to state 35


state 18

    (37) term -> REGEX .

    EQUALS          reduce using rule 37 (term -> REGEX .)
    OPERATION       reduce using rule 37 (term -> REGEX .)
    RIGHT_BRACKET   reduce using rule 37 (term -> REGEX .)
    NAME            reduce using rule 37 (term -> REGEX .)
    HEADER_SYM      reduce using rule 37 (term -> REGEX .)
    QUOTED_NAME     reduce using rule 37 (term -> REGEX .)
    QUOTE           reduce using rule 37 (term -> REGEX .)
    NUMBER          reduce using rule 37 (term -> REGEX .)
    REGEX           reduce using rule 37 (term -> REGEX .)
    VAR_SYM         reduce using rule 37 (term -> REGEX .)
    CLOSE_PAREN     reduce using rule 37 (term -> REGEX .)


state 19

    (40) var -> VAR_SYM . NAME
    (41) var -> VAR_SYM . NAME_LINE

    NAME            shift and go to state 36
    NAME_LINE       shift and go to state 37


state 20

    (1) match_part -> LEFT_BRACKET expression RIGHT_BRACKET .

    $end            reduce using rule 1 (match_part -> LEFT_BRACKET expression RIGHT_BRACKET .)


state 21

    (2) match_part -> LEFT_BRACKET expressions RIGHT_BRACKET .

    $end            reduce using rule 2 (match_part -> LEFT_BRACKET expressions RIGHT_BRACKET .)


state 22

    (4) expressions -> expressions expression .

    RIGHT_BRACKET   reduce using rule 4 (expressions -> expressions expression .)
    NAME            reduce using rule 4 (expressions -> expressions expression .)
    HEADER_SYM      reduce using rule 4 (expressions -> expressions expression .)
    QUOTED_NAME     reduce using rule 4 (expressions -> expressions expression .)
    QUOTE           reduce using rule 4 (expressions -> expressions expression .)
    NUMBER          reduce using rule 4 (expressions -> expressions expression .)
    REGEX           reduce using rule 4 (expressions -> expressions expression .)
    VAR_SYM         reduce using rule 4 (expressions -> expressions expression .)


state 23

    (15) equality -> function op . term
    (16) equality -> function op . function
    (17) equality -> function op . var_or_header
    (33) term -> . QUOTED_NAME
    (34) term -> . QUOTE DATE QUOTE
    (35) term -> . QUOTE NUMBER QUOTE
    (36) term -> . NUMBER
    (37) term -> . REGEX
    (8) function -> . NAME OPEN_PAREN CLOSE_PAREN
    (9) function -> . NAME OPEN_PAREN equality CLOSE_PAREN
    (10) function -> . NAME OPEN_PAREN function CLOSE_PAREN
    (11) function -> . NAME OPEN_PAREN var_or_header CLOSE_PAREN
    (12) function -> . NAME OPEN_PAREN term CLOSE_PAREN
    (38) var_or_header -> . header
    (39) var_or_header -> . var
    (42) header -> . HEADER_SYM NAME
    (43) header -> . HEADER_SYM NUMBER
    (44) header -> . HEADER_SYM NAME_LINE
    (40) var -> . VAR_SYM NAME
    (41) var -> . VAR_SYM NAME_LINE

    QUOTED_NAME     shift and go to state 16
    QUOTE           shift and go to state 17
    NUMBER          shift and go to state 14
    REGEX           shift and go to state 18
    NAME            shift and go to state 8
    HEADER_SYM      shift and go to state 13
    VAR_SYM         shift and go to state 19

    function                       shift and go to state 38
    term                           shift and go to state 39
    var_or_header                  shift and go to state 40
    header                         shift and go to state 41
    var                            shift and go to state 42

state 24

    (27) op -> EQUALS .

    QUOTED_NAME     reduce using rule 27 (op -> EQUALS .)
    QUOTE           reduce using rule 27 (op -> EQUALS .)
    NUMBER          reduce using rule 27 (op -> EQUALS .)
    REGEX           reduce using rule 27 (op -> EQUALS .)
    NAME            reduce using rule 27 (op -> EQUALS .)
    HEADER_SYM      reduce using rule 27 (op -> EQUALS .)
    VAR_SYM         reduce using rule 27 (op -> EQUALS .)


state 25

    (28) op -> OPERATION .

    QUOTED_NAME     reduce using rule 28 (op -> OPERATION .)
    QUOTE           reduce using rule 28 (op -> OPERATION .)
    NUMBER          reduce using rule 28 (op -> OPERATION .)
    REGEX           reduce using rule 28 (op -> OPERATION .)
    NAME            reduce using rule 28 (op -> OPERATION .)
    HEADER_SYM      reduce using rule 28 (op -> OPERATION .)
    VAR_SYM         reduce using rule 28 (op -> OPERATION .)


state 26

    (8) function -> NAME OPEN_PAREN . CLOSE_PAREN
    (9) function -> NAME OPEN_PAREN . equality CLOSE_PAREN
    (10) function -> NAME OPEN_PAREN . function CLOSE_PAREN
    (11) function -> NAME OPEN_PAREN . var_or_header CLOSE_PAREN
    (12) function -> NAME OPEN_PAREN . term CLOSE_PAREN
    (15) equality -> . function op term
    (16) equality -> . function op function
    (17) equality -> . function op var_or_header
    (18) equality -> . var_or_header op function
    (19) equality -> . var_or_header op term
    (20) equality -> . var_or_header op var_or_header
    (21) equality -> . term op var_or_header
    (22) equality -> . term op term
    (23) equality -> . term op function
    (24) equality -> . equality op equality
    (25) equality -> . equality op term
    (26) equality -> . equality op function
    (8) function -> . NAME OPEN_PAREN CLOSE_PAREN
    (9) function -> . NAME OPEN_PAREN equality CLOSE_PAREN
    (10) function -> . NAME OPEN_PAREN function CLOSE_PAREN
    (11) function -> . NAME OPEN_PAREN var_or_header CLOSE_PAREN
    (12) function -> . NAME OPEN_PAREN term CLOSE_PAREN
    (38) var_or_header -> . header
    (39) var_or_header -> . var
    (33) term -> . QUOTED_NAME
    (34) term -> . QUOTE DATE QUOTE
    (35) term -> . QUOTE NUMBER QUOTE
    (36) term -> . NUMBER
    (37) term -> . REGEX
    (42) header -> . HEADER_SYM NAME
    (43) header -> . HEADER_SYM NUMBER
    (44) header -> . HEADER_SYM NAME_LINE
    (40) var -> . VAR_SYM NAME
    (41) var -> . VAR_SYM NAME_LINE

    CLOSE_PAREN     shift and go to state 43
    NAME            shift and go to state 8
    QUOTED_NAME     shift and go to state 16
    QUOTE           shift and go to state 17
    NUMBER          shift and go to state 14
    REGEX           shift and go to state 18
    HEADER_SYM      shift and go to state 13
    VAR_SYM         shift and go to state 19

    equality                       shift and go to state 44
    function                       shift and go to state 45
    var_or_header                  shift and go to state 46
    term                           shift and go to state 47
    header                         shift and go to state 41
    var                            shift and go to state 42

state 27

    (24) equality -> equality op . equality
    (25) equality -> equality op . term
    (26) equality -> equality op . function
    (15) equality -> . function op term
    (16) equality -> . function op function
    (17) equality -> . function op var_or_header
    (18) equality -> . var_or_header op function
    (19) equality -> . var_or_header op term
    (20) equality -> . var_or_header op var_or_header
    (21) equality -> . term op var_or_header
    (22) equality -> . term op term
    (23) equality -> . term op function
    (24) equality -> . equality op equality
    (25) equality -> . equality op term
    (26) equality -> . equality op function
    (33) term -> . QUOTED_NAME
    (34) term -> . QUOTE DATE QUOTE
    (35) term -> . QUOTE NUMBER QUOTE
    (36) term -> . NUMBER
    (37) term -> . REGEX
    (8) function -> . NAME OPEN_PAREN CLOSE_PAREN
    (9) function -> . NAME OPEN_PAREN equality CLOSE_PAREN
    (10) function -> . NAME OPEN_PAREN function CLOSE_PAREN
    (11) function -> . NAME OPEN_PAREN var_or_header CLOSE_PAREN
    (12) function -> . NAME OPEN_PAREN term CLOSE_PAREN
    (38) var_or_header -> . header
    (39) var_or_header -> . var
    (42) header -> . HEADER_SYM NAME
    (43) header -> . HEADER_SYM NUMBER
    (44) header -> . HEADER_SYM NAME_LINE
    (40) var -> . VAR_SYM NAME
    (41) var -> . VAR_SYM NAME_LINE

    QUOTED_NAME     shift and go to state 16
    QUOTE           shift and go to state 17
    NUMBER          shift and go to state 14
    REGEX           shift and go to state 18
    NAME            shift and go to state 8
    HEADER_SYM      shift and go to state 13
    VAR_SYM         shift and go to state 19

    equality                       shift and go to state 48
    term                           shift and go to state 49
    function                       shift and go to state 50
    var_or_header                  shift and go to state 10
    header                         shift and go to state 41
    var                            shift and go to state 42

state 28

    (18) equality -> var_or_header op . function
    (19) equality -> var_or_header op . term
    (20) equality -> var_or_header op . var_or_header
    (8) function -> . NAME OPEN_PAREN CLOSE_PAREN
    (9) function -> . NAME OPEN_PAREN equality CLOSE_PAREN
    (10) function -> . NAME OPEN_PAREN function CLOSE_PAREN
    (11) function -> . NAME OPEN_PAREN var_or_header CLOSE_PAREN
    (12) function -> . NAME OPEN_PAREN term CLOSE_PAREN
    (33) term -> . QUOTED_NAME
    (34) term -> . QUOTE DATE QUOTE
    (35) term -> . QUOTE NUMBER QUOTE
    (36) term -> . NUMBER
    (37) term -> . REGEX
    (38) var_or_header -> . header
    (39) var_or_header -> . var
    (42) header -> . HEADER_SYM NAME
    (43) header -> . HEADER_SYM NUMBER
    (44) header -> . HEADER_SYM NAME_LINE
    (40) var -> . VAR_SYM NAME
    (41) var -> . VAR_SYM NAME_LINE

    NAME            shift and go to state 8
    QUOTED_NAME     shift and go to state 16
    QUOTE           shift and go to state 17
    NUMBER          shift and go to state 14
    REGEX           shift and go to state 18
    HEADER_SYM      shift and go to state 13
    VAR_SYM         shift and go to state 19

    var_or_header                  shift and go to state 51
    function                       shift and go to state 52
    term                           shift and go to state 53
    header                         shift and go to state 41
    var                            shift and go to state 42

state 29

    (21) equality -> term op . var_or_header
    (22) equality -> term op . term
    (23) equality -> term op . function
    (38) var_or_header -> . header
    (39) var_or_header -> . var
    (33) term -> . QUOTED_NAME
    (34) term -> . QUOTE DATE QUOTE
    (35) term -> . QUOTE NUMBER QUOTE
    (36) term -> . NUMBER
    (37) term -> . REGEX
    (8) function -> . NAME OPEN_PAREN CLOSE_PAREN
    (9) function -> . NAME OPEN_PAREN equality CLOSE_PAREN
    (10) function -> . NAME OPEN_PAREN function CLOSE_PAREN
    (11) function -> . NAME OPEN_PAREN var_or_header CLOSE_PAREN
    (12) function -> . NAME OPEN_PAREN term CLOSE_PAREN
    (42) header -> . HEADER_SYM NAME
    (43) header -> . HEADER_SYM NUMBER
    (44) header -> . HEADER_SYM NAME_LINE
    (40) var -> . VAR_SYM NAME
    (41) var -> . VAR_SYM NAME_LINE

    QUOTED_NAME     shift and go to state 16
    QUOTE           shift and go to state 17
    NUMBER          shift and go to state 14
    REGEX           shift and go to state 18
    NAME            shift and go to state 8
    HEADER_SYM      shift and go to state 13
    VAR_SYM         shift and go to state 19

    term                           shift and go to state 54
    var_or_header                  shift and go to state 55
    function                       shift and go to state 56
    header                         shift and go to state 41
    var                            shift and go to state 42

state 30

    (42) header -> HEADER_SYM NAME .

    RIGHT_BRACKET   reduce using rule 42 (header -> HEADER_SYM NAME .)
    NAME            reduce using rule 42 (header -> HEADER_SYM NAME .)
    HEADER_SYM      reduce using rule 42 (header -> HEADER_SYM NAME .)
    QUOTED_NAME     reduce using rule 42 (header -> HEADER_SYM NAME .)
    QUOTE           reduce using rule 42 (header -> HEADER_SYM NAME .)
    NUMBER          reduce using rule 42 (header -> HEADER_SYM NAME .)
    REGEX           reduce using rule 42 (header -> HEADER_SYM NAME .)
    VAR_SYM         reduce using rule 42 (header -> HEADER_SYM NAME .)
    EQUALS          reduce using rule 42 (header -> HEADER_SYM NAME .)
    OPERATION       reduce using rule 42 (header -> HEADER_SYM NAME .)
    CLOSE_PAREN     reduce using rule 42 (header -> HEADER_SYM NAME .)


state 31

    (43) header -> HEADER_SYM NUMBER .

    RIGHT_BRACKET   reduce using rule 43 (header -> HEADER_SYM NUMBER .)
    NAME            reduce using rule 43 (header -> HEADER_SYM NUMBER .)
    HEADER_SYM      reduce using rule 43 (header -> HEADER_SYM NUMBER .)
    QUOTED_NAME     reduce using rule 43 (header -> HEADER_SYM NUMBER .)
    QUOTE           reduce using rule 43 (header -> HEADER_SYM NUMBER .)
    NUMBER          reduce using rule 43 (header -> HEADER_SYM NUMBER .)
    REGEX           reduce using rule 43 (header -> HEADER_SYM NUMBER .)
    VAR_SYM         reduce using rule 43 (header -> HEADER_SYM NUMBER .)
    EQUALS          reduce using rule 43 (header -> HEADER_SYM NUMBER .)
    OPERATION       reduce using rule 43 (header -> HEADER_SYM NUMBER .)
    CLOSE_PAREN     reduce using rule 43 (header -> HEADER_SYM NUMBER .)


state 32

    (44) header -> HEADER_SYM NAME_LINE .

    RIGHT_BRACKET   reduce using rule 44 (header -> HEADER_SYM NAME_LINE .)
    NAME            reduce using rule 44 (header -> HEADER_SYM NAME_LINE .)
    HEADER_SYM      reduce using rule 44 (header -> HEADER_SYM NAME_LINE .)
    QUOTED_NAME     reduce using rule 44 (header -> HEADER_SYM NAME_LINE .)
    QUOTE           reduce using rule 44 (header -> HEADER_SYM NAME_LINE .)
    NUMBER          reduce using rule 44 (header -> HEADER_SYM NAME_LINE .)
    REGEX           reduce using rule 44 (header -> HEADER_SYM NAME_LINE .)
    VAR_SYM         reduce using rule 44 (header -> HEADER_SYM NAME_LINE .)
    EQUALS          reduce using rule 44 (header -> HEADER_SYM NAME_LINE .)
    OPERATION       reduce using rule 44 (header -> HEADER_SYM NAME_LINE .)
    CLOSE_PAREN     reduce using rule 44 (header -> HEADER_SYM NAME_LINE .)


state 33

    (29) assignment -> var ASSIGNMENT . var
    (30) assignment -> var ASSIGNMENT . term
    (31) assignment -> var ASSIGNMENT . function
    (32) assignment -> var ASSIGNMENT . header
    (40) var -> . VAR_SYM NAME
    (41) var -> . VAR_SYM NAME_LINE
    (33) term -> . QUOTED_NAME
    (34) term -> . QUOTE DATE QUOTE
    (35) term -> . QUOTE NUMBER QUOTE
    (36) term -> . NUMBER
    (37) term -> . REGEX
    (8) function -> . NAME OPEN_PAREN CLOSE_PAREN
    (9) function -> . NAME OPEN_PAREN equality CLOSE_PAREN
    (10) function -> . NAME OPEN_PAREN function CLOSE_PAREN
    (11) function -> . NAME OPEN_PAREN var_or_header CLOSE_PAREN
    (12) function -> . NAME OPEN_PAREN term CLOSE_PAREN
    (42) header -> . HEADER_SYM NAME
    (43) header -> . HEADER_SYM NUMBER
    (44) header -> . HEADER_SYM NAME_LINE

    VAR_SYM         shift and go to state 19
    QUOTED_NAME     shift and go to state 16
    QUOTE           shift and go to state 17
    NUMBER          shift and go to state 14
    REGEX           shift and go to state 18
    NAME            shift and go to state 8
    HEADER_SYM      shift and go to state 13

    var                            shift and go to state 57
    term                           shift and go to state 58
    function                       shift and go to state 59
    header                         shift and go to state 60

state 34

    (34) term -> QUOTE DATE . QUOTE

    QUOTE           shift and go to state 61


state 35

    (35) term -> QUOTE NUMBER . QUOTE

    QUOTE           shift and go to state 62


state 36

    (40) var -> VAR_SYM NAME .

    ASSIGNMENT      reduce using rule 40 (var -> VAR_SYM NAME .)
    EQUALS          reduce using rule 40 (var -> VAR_SYM NAME .)
    OPERATION       reduce using rule 40 (var -> VAR_SYM NAME .)
    RIGHT_BRACKET   reduce using rule 40 (var -> VAR_SYM NAME .)
    NAME            reduce using rule 40 (var -> VAR_SYM NAME .)
    HEADER_SYM      reduce using rule 40 (var -> VAR_SYM NAME .)
    QUOTED_NAME     reduce using rule 40 (var -> VAR_SYM NAME .)
    QUOTE           reduce using rule 40 (var -> VAR_SYM NAME .)
    NUMBER          reduce using rule 40 (var -> VAR_SYM NAME .)
    REGEX           reduce using rule 40 (var -> VAR_SYM NAME .)
    VAR_SYM         reduce using rule 40 (var -> VAR_SYM NAME .)
    CLOSE_PAREN     reduce using rule 40 (var -> VAR_SYM NAME .)


state 37

    (41) var -> VAR_SYM NAME_LINE .

    ASSIGNMENT      reduce using rule 41 (var -> VAR_SYM NAME_LINE .)
    EQUALS          reduce using rule 41 (var -> VAR_SYM NAME_LINE .)
    OPERATION       reduce using rule 41 (var -> VAR_SYM NAME_LINE .)
    RIGHT_BRACKET   reduce using rule 41 (var -> VAR_SYM NAME_LINE .)
    NAME            reduce using rule 41 (var -> VAR_SYM NAME_LINE .)
    HEADER_SYM      reduce using rule 41 (var -> VAR_SYM NAME_LINE .)
    QUOTED_NAME     reduce using rule 41 (var -> VAR_SYM NAME_LINE .)
    QUOTE           reduce using rule 41 (var -> VAR_SYM NAME_LINE .)
    NUMBER          reduce using rule 41 (var -> VAR_SYM NAME_LINE .)
    REGEX           reduce using rule 41 (var -> VAR_SYM NAME_LINE .)
    VAR_SYM         reduce using rule 41 (var -> VAR_SYM NAME_LINE .)
    CLOSE_PAREN     reduce using rule 41 (var -> VAR_SYM NAME_LINE .)


state 38

    (16) equality -> function op function .

    EQUALS          reduce using rule 16 (equality -> function op function .)
    OPERATION       reduce using rule 16 (equality -> function op function .)
    RIGHT_BRACKET   reduce using rule 16 (equality -> function op function .)
    NAME            reduce using rule 16 (equality -> function op function .)
    HEADER_SYM      reduce using rule 16 (equality -> function op function .)
    QUOTED_NAME     reduce using rule 16 (equality -> function op function .)
    QUOTE           reduce using rule 16 (equality -> function op function .)
    NUMBER          reduce using rule 16 (equality -> function op function .)
    REGEX           reduce using rule 16 (equality -> function op function .)
    VAR_SYM         reduce using rule 16 (equality -> function op function .)
    CLOSE_PAREN     reduce using rule 16 (equality -> function op function .)


state 39

    (15) equality -> function op term .

    EQUALS          reduce using rule 15 (equality -> function op term .)
    OPERATION       reduce using rule 15 (equality -> function op term .)
    RIGHT_BRACKET   reduce using rule 15 (equality -> function op term .)
    NAME            reduce using rule 15 (equality -> function op term .)
    HEADER_SYM      reduce using rule 15 (equality -> function op term .)
    QUOTED_NAME     reduce using rule 15 (equality -> function op term .)
    QUOTE           reduce using rule 15 (equality -> function op term .)
    NUMBER          reduce using rule 15 (equality -> function op term .)
    REGEX           reduce using rule 15 (equality -> function op term .)
    VAR_SYM         reduce using rule 15 (equality -> function op term .)
    CLOSE_PAREN     reduce using rule 15 (equality -> function op term .)


state 40

    (17) equality -> function op var_or_header .

    EQUALS          reduce using rule 17 (equality -> function op var_or_header .)
    OPERATION       reduce using rule 17 (equality -> function op var_or_header .)
    RIGHT_BRACKET   reduce using rule 17 (equality -> function op var_or_header .)
    NAME            reduce using rule 17 (equality -> function op var_or_header .)
    HEADER_SYM      reduce using rule 17 (equality -> function op var_or_header .)
    QUOTED_NAME     reduce using rule 17 (equality -> function op var_or_header .)
    QUOTE           reduce using rule 17 (equality -> function op var_or_header .)
    NUMBER          reduce using rule 17 (equality -> function op var_or_header .)
    REGEX           reduce using rule 17 (equality -> function op var_or_header .)
    VAR_SYM         reduce using rule 17 (equality -> function op var_or_header .)
    CLOSE_PAREN     reduce using rule 17 (equality -> function op var_or_header .)


state 41

    (38) var_or_header -> header .

    EQUALS          reduce using rule 38 (var_or_header -> header .)
    OPERATION       reduce using rule 38 (var_or_header -> header .)
    RIGHT_BRACKET   reduce using rule 38 (var_or_header -> header .)
    NAME            reduce using rule 38 (var_or_header -> header .)
    HEADER_SYM      reduce using rule 38 (var_or_header -> header .)
    QUOTED_NAME     reduce using rule 38 (var_or_header -> header .)
    QUOTE           reduce using rule 38 (var_or_header -> header .)
    NUMBER          reduce using rule 38 (var_or_header -> header .)
    REGEX           reduce using rule 38 (var_or_header -> header .)
    VAR_SYM         reduce using rule 38 (var_or_header -> header .)
    CLOSE_PAREN     reduce using rule 38 (var_or_header -> header .)


state 42

    (39) var_or_header -> var .

    EQUALS          reduce using rule 39 (var_or_header -> var .)
    OPERATION       reduce using rule 39 (var_or_header -> var .)
    RIGHT_BRACKET   reduce using rule 39 (var_or_header -> var .)
    NAME            reduce using rule 39 (var_or_header -> var .)
    HEADER_SYM      reduce using rule 39 (var_or_header -> var .)
    QUOTED_NAME     reduce using rule 39 (var_or_header -> var .)
    QUOTE           reduce using rule 39 (var_or_header -> var .)
    NUMBER          reduce using rule 39 (var_or_header -> var .)
    REGEX           reduce using rule 39 (var_or_header -> var .)
    VAR_SYM         reduce using rule 39 (var_or_header -> var .)
    CLOSE_PAREN     reduce using rule 39 (var_or_header -> var .)


state 43

    (8) function -> NAME OPEN_PAREN CLOSE_PAREN .

    EQUALS          reduce using rule 8 (function -> NAME OPEN_PAREN CLOSE_PAREN .)
    OPERATION       reduce using rule 8 (function -> NAME OPEN_PAREN CLOSE_PAREN .)
    RIGHT_BRACKET   reduce using rule 8 (function -> NAME OPEN_PAREN CLOSE_PAREN .)
    NAME            reduce using rule 8 (function -> NAME OPEN_PAREN CLOSE_PAREN .)
    HEADER_SYM      reduce using rule 8 (function -> NAME OPEN_PAREN CLOSE_PAREN .)
    QUOTED_NAME     reduce using rule 8 (function -> NAME OPEN_PAREN CLOSE_PAREN .)
    QUOTE           reduce using rule 8 (function -> NAME OPEN_PAREN CLOSE_PAREN .)
    NUMBER          reduce using rule 8 (function -> NAME OPEN_PAREN CLOSE_PAREN .)
    REGEX           reduce using rule 8 (function -> NAME OPEN_PAREN CLOSE_PAREN .)
    VAR_SYM         reduce using rule 8 (function -> NAME OPEN_PAREN CLOSE_PAREN .)
    CLOSE_PAREN     reduce using rule 8 (function -> NAME OPEN_PAREN CLOSE_PAREN .)


state 44

    (9) function -> NAME OPEN_PAREN equality . CLOSE_PAREN
    (24) equality -> equality . op equality
    (25) equality -> equality . op term
    (26) equality -> equality . op function
    (27) op -> . EQUALS
    (28) op -> . OPERATION

    CLOSE_PAREN     shift and go to state 63
    EQUALS          shift and go to state 24
    OPERATION       shift and go to state 25

    op                             shift and go to state 27

state 45

    (10) function -> NAME OPEN_PAREN function . CLOSE_PAREN
    (15) equality -> function . op term
    (16) equality -> function . op function
    (17) equality -> function . op var_or_header
    (27) op -> . EQUALS
    (28) op -> . OPERATION

    CLOSE_PAREN     shift and go to state 64
    EQUALS          shift and go to state 24
    OPERATION       shift and go to state 25

    op                             shift and go to state 23

state 46

    (11) function -> NAME OPEN_PAREN var_or_header . CLOSE_PAREN
    (18) equality -> var_or_header . op function
    (19) equality -> var_or_header . op term
    (20) equality -> var_or_header . op var_or_header
    (27) op -> . EQUALS
    (28) op -> . OPERATION

    CLOSE_PAREN     shift and go to state 65
    EQUALS          shift and go to state 24
    OPERATION       shift and go to state 25

    op                             shift and go to state 28

state 47

    (12) function -> NAME OPEN_PAREN term . CLOSE_PAREN
    (21) equality -> term . op var_or_header
    (22) equality -> term . op term
    (23) equality -> term . op function
    (27) op -> . EQUALS
    (28) op -> . OPERATION

    CLOSE_PAREN     shift and go to state 66
    EQUALS          shift and go to state 24
    OPERATION       shift and go to state 25

    op                             shift and go to state 29

state 48

    (24) equality -> equality op equality .
    (24) equality -> equality . op equality
    (25) equality -> equality . op term
    (26) equality -> equality . op function
    (27) op -> . EQUALS
    (28) op -> . OPERATION

  ! shift/reduce conflict for EQUALS resolved as shift
  ! shift/reduce conflict for OPERATION resolved as shift
    RIGHT_BRACKET   reduce using rule 24 (equality -> equality op equality .)
    NAME            reduce using rule 24 (equality -> equality op equality .)
    HEADER_SYM      reduce using rule 24 (equality -> equality op equality .)
    QUOTED_NAME     reduce using rule 24 (equality -> equality op equality .)
    QUOTE           reduce using rule 24 (equality -> equality op equality .)
    NUMBER          reduce using rule 24 (equality -> equality op equality .)
    REGEX           reduce using rule 24 (equality -> equality op equality .)
    VAR_SYM         reduce using rule 24 (equality -> equality op equality .)
    CLOSE_PAREN     reduce using rule 24 (equality -> equality op equality .)
    EQUALS          shift and go to state 24
    OPERATION       shift and go to state 25

  ! EQUALS          [ reduce using rule 24 (equality -> equality op equality .) ]
  ! OPERATION       [ reduce using rule 24 (equality -> equality op equality .) ]

    op                             shift and go to state 27

state 49

    (25) equality -> equality op term .
    (21) equality -> term . op var_or_header
    (22) equality -> term . op term
    (23) equality -> term . op function
    (27) op -> . EQUALS
    (28) op -> . OPERATION

  ! shift/reduce conflict for EQUALS resolved as shift
  ! shift/reduce conflict for OPERATION resolved as shift
    RIGHT_BRACKET   reduce using rule 25 (equality -> equality op term .)
    NAME            reduce using rule 25 (equality -> equality op term .)
    HEADER_SYM      reduce using rule 25 (equality -> equality op term .)
    QUOTED_NAME     reduce using rule 25 (equality -> equality op term .)
    QUOTE           reduce using rule 25 (equality -> equality op term .)
    NUMBER          reduce using rule 25 (equality -> equality op term .)
    REGEX           reduce using rule 25 (equality -> equality op term .)
    VAR_SYM         reduce using rule 25 (equality -> equality op term .)
    CLOSE_PAREN     reduce using rule 25 (equality -> equality op term .)
    EQUALS          shift and go to state 24
    OPERATION       shift and go to state 25

  ! EQUALS          [ reduce using rule 25 (equality -> equality op term .) ]
  ! OPERATION       [ reduce using rule 25 (equality -> equality op term .) ]

    op                             shift and go to state 29

state 50

    (26) equality -> equality op function .
    (15) equality -> function . op term
    (16) equality -> function . op function
    (17) equality -> function . op var_or_header
    (27) op -> . EQUALS
    (28) op -> . OPERATION

  ! shift/reduce conflict for EQUALS resolved as shift
  ! shift/reduce conflict for OPERATION resolved as shift
    RIGHT_BRACKET   reduce using rule 26 (equality -> equality op function .)
    NAME            reduce using rule 26 (equality -> equality op function .)
    HEADER_SYM      reduce using rule 26 (equality -> equality op function .)
    QUOTED_NAME     reduce using rule 26 (equality -> equality op function .)
    QUOTE           reduce using rule 26 (equality -> equality op function .)
    NUMBER          reduce using rule 26 (equality -> equality op function .)
    REGEX           reduce using rule 26 (equality -> equality op function .)
    VAR_SYM         reduce using rule 26 (equality -> equality op function .)
    CLOSE_PAREN     reduce using rule 26 (equality -> equality op function .)
    EQUALS          shift and go to state 24
    OPERATION       shift and go to state 25

  ! EQUALS          [ reduce using rule 26 (equality -> equality op function .) ]
  ! OPERATION       [ reduce using rule 26 (equality -> equality op function .) ]

    op                             shift and go to state 23

state 51

    (20) equality -> var_or_header op var_or_header .

    EQUALS          reduce using rule 20 (equality -> var_or_header op var_or_header .)
    OPERATION       reduce using rule 20 (equality -> var_or_header op var_or_header .)
    RIGHT_BRACKET   reduce using rule 20 (equality -> var_or_header op var_or_header .)
    NAME            reduce using rule 20 (equality -> var_or_header op var_or_header .)
    HEADER_SYM      reduce using rule 20 (equality -> var_or_header op var_or_header .)
    QUOTED_NAME     reduce using rule 20 (equality -> var_or_header op var_or_header .)
    QUOTE           reduce using rule 20 (equality -> var_or_header op var_or_header .)
    NUMBER          reduce using rule 20 (equality -> var_or_header op var_or_header .)
    REGEX           reduce using rule 20 (equality -> var_or_header op var_or_header .)
    VAR_SYM         reduce using rule 20 (equality -> var_or_header op var_or_header .)
    CLOSE_PAREN     reduce using rule 20 (equality -> var_or_header op var_or_header .)


state 52

    (18) equality -> var_or_header op function .

    EQUALS          reduce using rule 18 (equality -> var_or_header op function .)
    OPERATION       reduce using rule 18 (equality -> var_or_header op function .)
    RIGHT_BRACKET   reduce using rule 18 (equality -> var_or_header op function .)
    NAME            reduce using rule 18 (equality -> var_or_header op function .)
    HEADER_SYM      reduce using rule 18 (equality -> var_or_header op function .)
    QUOTED_NAME     reduce using rule 18 (equality -> var_or_header op function .)
    QUOTE           reduce using rule 18 (equality -> var_or_header op function .)
    NUMBER          reduce using rule 18 (equality -> var_or_header op function .)
    REGEX           reduce using rule 18 (equality -> var_or_header op function .)
    VAR_SYM         reduce using rule 18 (equality -> var_or_header op function .)
    CLOSE_PAREN     reduce using rule 18 (equality -> var_or_header op function .)


state 53

    (19) equality -> var_or_header op term .

    EQUALS          reduce using rule 19 (equality -> var_or_header op term .)
    OPERATION       reduce using rule 19 (equality -> var_or_header op term .)
    RIGHT_BRACKET   reduce using rule 19 (equality -> var_or_header op term .)
    NAME            reduce using rule 19 (equality -> var_or_header op term .)
    HEADER_SYM      reduce using rule 19 (equality -> var_or_header op term .)
    QUOTED_NAME     reduce using rule 19 (equality -> var_or_header op term .)
    QUOTE           reduce using rule 19 (equality -> var_or_header op term .)
    NUMBER          reduce using rule 19 (equality -> var_or_header op term .)
    REGEX           reduce using rule 19 (equality -> var_or_header op term .)
    VAR_SYM         reduce using rule 19 (equality -> var_or_header op term .)
    CLOSE_PAREN     reduce using rule 19 (equality -> var_or_header op term .)


state 54

    (22) equality -> term op term .

    EQUALS          reduce using rule 22 (equality -> term op term .)
    OPERATION       reduce using rule 22 (equality -> term op term .)
    RIGHT_BRACKET   reduce using rule 22 (equality -> term op term .)
    NAME            reduce using rule 22 (equality -> term op term .)
    HEADER_SYM      reduce using rule 22 (equality -> term op term .)
    QUOTED_NAME     reduce using rule 22 (equality -> term op term .)
    QUOTE           reduce using rule 22 (equality -> term op term .)
    NUMBER          reduce using rule 22 (equality -> term op term .)
    REGEX           reduce using rule 22 (equality -> term op term .)
    VAR_SYM         reduce using rule 22 (equality -> term op term .)
    CLOSE_PAREN     reduce using rule 22 (equality -> term op term .)


state 55

    (21) equality -> term op var_or_header .

    EQUALS          reduce using rule 21 (equality -> term op var_or_header .)
    OPERATION       reduce using rule 21 (equality -> term op var_or_header .)
    RIGHT_BRACKET   reduce using rule 21 (equality -> term op var_or_header .)
    NAME            reduce using rule 21 (equality -> term op var_or_header .)
    HEADER_SYM      reduce using rule 21 (equality -> term op var_or_header .)
    QUOTED_NAME     reduce using rule 21 (equality -> term op var_or_header .)
    QUOTE           reduce using rule 21 (equality -> term op var_or_header .)
    NUMBER          reduce using rule 21 (equality -> term op var_or_header .)
    REGEX           reduce using rule 21 (equality -> term op var_or_header .)
    VAR_SYM         reduce using rule 21 (equality -> term op var_or_header .)
    CLOSE_PAREN     reduce using rule 21 (equality -> term op var_or_header .)


state 56

    (23) equality -> term op function .

    EQUALS          reduce using rule 23 (equality -> term op function .)
    OPERATION       reduce using rule 23 (equality -> term op function .)
    RIGHT_BRACKET   reduce using rule 23 (equality -> term op function .)
    NAME            reduce using rule 23 (equality -> term op function .)
    HEADER_SYM      reduce using rule 23 (equality -> term op function .)
    QUOTED_NAME     reduce using rule 23 (equality -> term op function .)
    QUOTE           reduce using rule 23 (equality -> term op function .)
    NUMBER          reduce using rule 23 (equality -> term op function .)
    REGEX           reduce using rule 23 (equality -> term op function .)
    VAR_SYM         reduce using rule 23 (equality -> term op function .)
    CLOSE_PAREN     reduce using rule 23 (equality -> term op function .)


state 57

    (29) assignment -> var ASSIGNMENT var .

    RIGHT_BRACKET   reduce using rule 29 (assignment -> var ASSIGNMENT var .)
    NAME            reduce using rule 29 (assignment -> var ASSIGNMENT var .)
    HEADER_SYM      reduce using rule 29 (assignment -> var ASSIGNMENT var .)
    QUOTED_NAME     reduce using rule 29 (assignment -> var ASSIGNMENT var .)
    QUOTE           reduce using rule 29 (assignment -> var ASSIGNMENT var .)
    NUMBER          reduce using rule 29 (assignment -> var ASSIGNMENT var .)
    REGEX           reduce using rule 29 (assignment -> var ASSIGNMENT var .)
    VAR_SYM         reduce using rule 29 (assignment -> var ASSIGNMENT var .)


state 58

    (30) assignment -> var ASSIGNMENT term .

    RIGHT_BRACKET   reduce using rule 30 (assignment -> var ASSIGNMENT term .)
    NAME            reduce using rule 30 (assignment -> var ASSIGNMENT term .)
    HEADER_SYM      reduce using rule 30 (assignment -> var ASSIGNMENT term .)
    QUOTED_NAME     reduce using rule 30 (assignment -> var ASSIGNMENT term .)
    QUOTE           reduce using rule 30 (assignment -> var ASSIGNMENT term .)
    NUMBER          reduce using rule 30 (assignment -> var ASSIGNMENT term .)
    REGEX           reduce using rule 30 (assignment -> var ASSIGNMENT term .)
    VAR_SYM         reduce using rule 30 (assignment -> var ASSIGNMENT term .)


state 59

    (31) assignment -> var ASSIGNMENT function .

    RIGHT_BRACKET   reduce using rule 31 (assignment -> var ASSIGNMENT function .)
    NAME            reduce using rule 31 (assignment -> var ASSIGNMENT function .)
    HEADER_SYM      reduce using rule 31 (assignment -> var ASSIGNMENT function .)
    QUOTED_NAME     reduce using rule 31 (assignment -> var ASSIGNMENT function .)
    QUOTE           reduce using rule 31 (assignment -> var ASSIGNMENT function .)
    NUMBER          reduce using rule 31 (assignment -> var ASSIGNMENT function .)
    REGEX           reduce using rule 31 (assignment -> var ASSIGNMENT function .)
    VAR_SYM         reduce using rule 31 (assignment -> var ASSIGNMENT function .)


state 60

    (32) assignment -> var ASSIGNMENT header .

    RIGHT_BRACKET   reduce using rule 32 (assignment -> var ASSIGNMENT header .)
    NAME            reduce using rule 32 (assignment -> var ASSIGNMENT header .)
    HEADER_SYM      reduce using rule 32 (assignment -> var ASSIGNMENT header .)
    QUOTED_NAME     reduce using rule 32 (assignment -> var ASSIGNMENT header .)
    QUOTE           reduce using rule 32 (assignment -> var ASSIGNMENT header .)
    NUMBER          reduce using rule 32 (assignment -> var ASSIGNMENT header .)
    REGEX           reduce using rule 32 (assignment -> var ASSIGNMENT header .)
    VAR_SYM         reduce using rule 32 (assignment -> var ASSIGNMENT header .)


state 61

    (34) term -> QUOTE DATE QUOTE .

    EQUALS          reduce using rule 34 (term -> QUOTE DATE QUOTE .)
    OPERATION       reduce using rule 34 (term -> QUOTE DATE QUOTE .)
    RIGHT_BRACKET   reduce using rule 34 (term -> QUOTE DATE QUOTE .)
    NAME            reduce using rule 34 (term -> QUOTE DATE QUOTE .)
    HEADER_SYM      reduce using rule 34 (term -> QUOTE DATE QUOTE .)
    QUOTED_NAME     reduce using rule 34 (term -> QUOTE DATE QUOTE .)
    QUOTE           reduce using rule 34 (term -> QUOTE DATE QUOTE .)
    NUMBER          reduce using rule 34 (term -> QUOTE DATE QUOTE .)
    REGEX           reduce using rule 34 (term -> QUOTE DATE QUOTE .)
    VAR_SYM         reduce using rule 34 (term -> QUOTE DATE QUOTE .)
    CLOSE_PAREN     reduce using rule 34 (term -> QUOTE DATE QUOTE .)


state 62

    (35) term -> QUOTE NUMBER QUOTE .

    EQUALS          reduce using rule 35 (term -> QUOTE NUMBER QUOTE .)
    OPERATION       reduce using rule 35 (term -> QUOTE NUMBER QUOTE .)
    RIGHT_BRACKET   reduce using rule 35 (term -> QUOTE NUMBER QUOTE .)
    NAME            reduce using rule 35 (term -> QUOTE NUMBER QUOTE .)
    HEADER_SYM      reduce using rule 35 (term -> QUOTE NUMBER QUOTE .)
    QUOTED_NAME     reduce using rule 35 (term -> QUOTE NUMBER QUOTE .)
    QUOTE           reduce using rule 35 (term -> QUOTE NUMBER QUOTE .)
    NUMBER          reduce using rule 35 (term -> QUOTE NUMBER QUOTE .)
    REGEX           reduce using rule 35 (term -> QUOTE NUMBER QUOTE .)
    VAR_SYM         reduce using rule 35 (term -> QUOTE NUMBER QUOTE .)
    CLOSE_PAREN     reduce using rule 35 (term -> QUOTE NUMBER QUOTE .)


state 63

    (9) function -> NAME OPEN_PAREN equality CLOSE_PAREN .

    EQUALS          reduce using rule 9 (function -> NAME OPEN_PAREN equality CLOSE_PAREN .)
    OPERATION       reduce using rule 9 (function -> NAME OPEN_PAREN equality CLOSE_PAREN .)
    RIGHT_BRACKET   reduce using rule 9 (function -> NAME OPEN_PAREN equality CLOSE_PAREN .)
    NAME            reduce using rule 9 (function -> NAME OPEN_PAREN equality CLOSE_PAREN .)
    HEADER_SYM      reduce using rule 9 (function -> NAME OPEN_PAREN equality CLOSE_PAREN .)
    QUOTED_NAME     reduce using rule 9 (function -> NAME OPEN_PAREN equality CLOSE_PAREN .)
    QUOTE           reduce using rule 9 (function -> NAME OPEN_PAREN equality CLOSE_PAREN .)
    NUMBER          reduce using rule 9 (function -> NAME OPEN_PAREN equality CLOSE_PAREN .)
    REGEX           reduce using rule 9 (function -> NAME OPEN_PAREN equality CLOSE_PAREN .)
    VAR_SYM         reduce using rule 9 (function -> NAME OPEN_PAREN equality CLOSE_PAREN .)
    CLOSE_PAREN     reduce using rule 9 (function -> NAME OPEN_PAREN equality CLOSE_PAREN .)


state 64

    (10) function -> NAME OPEN_PAREN function CLOSE_PAREN .

    EQUALS          reduce using rule 10 (function -> NAME OPEN_PAREN function CLOSE_PAREN .)
    OPERATION       reduce using rule 10 (function -> NAME OPEN_PAREN function CLOSE_PAREN .)
    RIGHT_BRACKET   reduce using rule 10 (function -> NAME OPEN_PAREN function CLOSE_PAREN .)
    NAME            reduce using rule 10 (function -> NAME OPEN_PAREN function CLOSE_PAREN .)
    HEADER_SYM      reduce using rule 10 (function -> NAME OPEN_PAREN function CLOSE_PAREN .)
    QUOTED_NAME     reduce using rule 10 (function -> NAME OPEN_PAREN function CLOSE_PAREN .)
    QUOTE           reduce using rule 10 (function -> NAME OPEN_PAREN function CLOSE_PAREN .)
    NUMBER          reduce using rule 10 (function -> NAME OPEN_PAREN function CLOSE_PAREN .)
    REGEX           reduce using rule 10 (function -> NAME OPEN_PAREN function CLOSE_PAREN .)
    VAR_SYM         reduce using rule 10 (function -> NAME OPEN_PAREN function CLOSE_PAREN .)
    CLOSE_PAREN     reduce using rule 10 (function -> NAME OPEN_PAREN function CLOSE_PAREN .)


state 65

    (11) function -> NAME OPEN_PAREN var_or_header CLOSE_PAREN .

    EQUALS          reduce using rule 11 (function -> NAME OPEN_PAREN var_or_header CLOSE_PAREN .)
    OPERATION       reduce using rule 11 (function -> NAME OPEN_PAREN var_or_header CLOSE_PAREN .)
    RIGHT_BRACKET   reduce using rule 11 (function -> NAME OPEN_PAREN var_or_header CLOSE_PAREN .)
    NAME            reduce using rule 11 (function -> NAME OPEN_PAREN var_or_header CLOSE_PAREN .)
    HEADER_SYM      reduce using rule 11 (function -> NAME OPEN_PAREN var_or_header CLOSE_PAREN .)
    QUOTED_NAME     reduce using rule 11 (function -> NAME OPEN_PAREN var_or_header CLOSE_PAREN .)
    QUOTE           reduce using rule 11 (function -> NAME OPEN_PAREN var_or_header CLOSE_PAREN .)
    NUMBER          reduce using rule 11 (function -> NAME OPEN_PAREN var_or_header CLOSE_PAREN .)
    REGEX           reduce using rule 11 (function -> NAME OPEN_PAREN var_or_header CLOSE_PAREN .)
    VAR_SYM         reduce using rule 11 (function -> NAME OPEN_PAREN var_or_header CLOSE_PAREN .)
    CLOSE_PAREN     reduce using rule 11 (function -> NAME OPEN_PAREN var_or_header CLOSE_PAREN .)


state 66

    (12) function -> NAME OPEN_PAREN term CLOSE_PAREN .

    EQUALS          reduce using rule 12 (function -> NAME OPEN_PAREN term CLOSE_PAREN .)
    OPERATION       reduce using rule 12 (function -> NAME OPEN_PAREN term CLOSE_PAREN .)
    RIGHT_BRACKET   reduce using rule 12 (function -> NAME OPEN_PAREN term CLOSE_PAREN .)
    NAME            reduce using rule 12 (function -> NAME OPEN_PAREN term CLOSE_PAREN .)
    HEADER_SYM      reduce using rule 12 (function -> NAME OPEN_PAREN term CLOSE_PAREN .)
    QUOTED_NAME     reduce using rule 12 (function -> NAME OPEN_PAREN term CLOSE_PAREN .)
    QUOTE           reduce using rule 12 (function -> NAME OPEN_PAREN term CLOSE_PAREN .)
    NUMBER          reduce using rule 12 (function -> NAME OPEN_PAREN term CLOSE_PAREN .)
    REGEX           reduce using rule 12 (function -> NAME OPEN_PAREN term CLOSE_PAREN .)
    VAR_SYM         reduce using rule 12 (function -> NAME OPEN_PAREN term CLOSE_PAREN .)
    CLOSE_PAREN     reduce using rule 12 (function -> NAME OPEN_PAREN term CLOSE_PAREN .)

WARNING: 
WARNING: Conflicts:
WARNING: 
WARNING: shift/reduce conflict for RIGHT_BRACKET in state 3 resolved as shift
WARNING: shift/reduce conflict for EQUALS in state 48 resolved as shift
WARNING: shift/reduce conflict for OPERATION in state 48 resolved as shift
WARNING: shift/reduce conflict for EQUALS in state 49 resolved as shift
WARNING: shift/reduce conflict for OPERATION in state 49 resolved as shift
WARNING: shift/reduce conflict for EQUALS in state 50 resolved as shift
WARNING: shift/reduce conflict for OPERATION in state 50 resolved as shift
